#! /usr/bin/vvp
:ivl_version "11.0 (stable)";
:ivl_delay_selection "TYPICAL";
:vpi_time_precision + 0;
:vpi_module "/usr/lib/x86_64-linux-gnu/ivl/system.vpi";
:vpi_module "/usr/lib/x86_64-linux-gnu/ivl/vhdl_sys.vpi";
:vpi_module "/usr/lib/x86_64-linux-gnu/ivl/vhdl_textio.vpi";
:vpi_module "/usr/lib/x86_64-linux-gnu/ivl/v2005_math.vpi";
:vpi_module "/usr/lib/x86_64-linux-gnu/ivl/va_math.vpi";
S_0x5642e2317ba0 .scope module, "CHIP" "CHIP" 2 2;
 .timescale 0 0;
    .port_info 0 /INPUT 1 "i_clk";
    .port_info 1 /INPUT 1 "i_rst_n";
    .port_info 2 /INPUT 32 "i_IMEM_data";
    .port_info 3 /OUTPUT 32 "o_IMEM_addr";
    .port_info 4 /OUTPUT 1 "o_IMEM_cen";
    .port_info 5 /INPUT 1 "i_DMEM_stall";
    .port_info 6 /INPUT 32 "i_DMEM_rdata";
    .port_info 7 /OUTPUT 1 "o_DMEM_cen";
    .port_info 8 /OUTPUT 1 "o_DMEM_wen";
    .port_info 9 /OUTPUT 32 "o_DMEM_addr";
    .port_info 10 /OUTPUT 32 "o_DMEM_wdata";
    .port_info 11 /OUTPUT 1 "o_finish";
    .port_info 12 /INPUT 1 "i_cache_finish";
    .port_info 13 /OUTPUT 1 "o_proc_finish";
P_0x5642e23192a0 .param/l "BIT_W" 0 2 3, +C4<00000000000000000000000000100000>;
P_0x5642e23192e0 .param/l "addf3" 0 2 62, C4<000>;
P_0x5642e2319320 .param/l "addf7" 0 2 84, C4<0000000>;
P_0x5642e2319360 .param/l "addif3" 0 2 67, C4<000>;
P_0x5642e23193a0 .param/l "addiop" 0 2 42, C4<0010011>;
P_0x5642e23193e0 .param/l "addop" 0 2 37, C4<0110011>;
P_0x5642e2319420 .param/l "andf3" 0 2 64, C4<111>;
P_0x5642e2319460 .param/l "andf7" 0 2 86, C4<0000000>;
P_0x5642e23194a0 .param/l "andop" 0 2 39, C4<0110011>;
P_0x5642e23194e0 .param/l "aupicop" 0 2 33, C4<0010111>;
P_0x5642e2319520 .param/l "beqf3" 0 2 76, C4<000>;
P_0x5642e2319560 .param/l "beqop" 0 2 52, C4<1100011>;
P_0x5642e23195a0 .param/l "bgef3" 0 2 77, C4<101>;
P_0x5642e23195e0 .param/l "bgeop" 0 2 53, C4<1100011>;
P_0x5642e2319620 .param/l "bltf3" 0 2 78, C4<100>;
P_0x5642e2319660 .param/l "bltop" 0 2 54, C4<1100011>;
P_0x5642e23196a0 .param/l "bnef3" 0 2 79, C4<001>;
P_0x5642e23196e0 .param/l "bneop" 0 2 55, C4<1100011>;
P_0x5642e2319720 .param/l "divop" 0 2 50, C4<0110011>;
P_0x5642e2319760 .param/l "ecallf3" 0 2 81, C4<000>;
P_0x5642e23197a0 .param/l "ecallimm" 0 2 95, C4<000000000000>;
P_0x5642e23197e0 .param/l "ecallop" 0 2 57, C4<1110011>;
P_0x5642e2319820 .param/l "jalop" 0 2 34, C4<1101111>;
P_0x5642e2319860 .param/l "jalrf3" 0 2 60, C4<000>;
P_0x5642e23198a0 .param/l "jalrop" 0 2 35, C4<0110111>;
P_0x5642e23198e0 .param/l "lwf3" 0 2 72, C4<010>;
P_0x5642e2319920 .param/l "lwop" 0 2 47, C4<0000011>;
P_0x5642e2319960 .param/l "mulf3" 0 2 74, C4<000>;
P_0x5642e23199a0 .param/l "mulf7" 0 2 92, C4<0000001>;
P_0x5642e23199e0 .param/l "mulop" 0 2 49, C4<0110011>;
P_0x5642e2319a20 .param/l "sllif3" 0 2 68, C4<001>;
P_0x5642e2319a60 .param/l "sllif7" 0 2 89, C4<0000000>;
P_0x5642e2319aa0 .param/l "slliop" 0 2 43, C4<0010011>;
P_0x5642e2319ae0 .param/l "slti" 0 2 44, C4<0010011>;
P_0x5642e2319b20 .param/l "sltif3" 0 2 69, C4<010>;
P_0x5642e2319b60 .param/l "srai" 0 2 45, C4<0010011>;
P_0x5642e2319ba0 .param/l "sraif3" 0 2 70, C4<101>;
P_0x5642e2319be0 .param/l "sraif7" 0 2 90, C4<0100000>;
P_0x5642e2319c20 .param/l "subf3" 0 2 63, C4<000>;
P_0x5642e2319c60 .param/l "subf7" 0 2 85, C4<0100000>;
P_0x5642e2319ca0 .param/l "subop" 0 2 38, C4<0110011>;
P_0x5642e2319ce0 .param/l "swf3" 0 2 73, C4<010>;
P_0x5642e2319d20 .param/l "swop" 0 2 48, C4<0100011>;
P_0x5642e2319d60 .param/l "xorf3" 0 2 65, C4<100>;
P_0x5642e2319da0 .param/l "xorf7" 0 2 87, C4<0000000>;
P_0x5642e2319de0 .param/l "xorop" 0 2 40, C4<0110011>;
L_0x5642e23168b0 .functor BUFZ 1, v0x5642e2337e00_0, C4<0>, C4<0>, C4<0>;
L_0x5642e2339640 .functor BUFZ 32, v0x5642e2335d40_0, C4<00000000000000000000000000000000>, C4<00000000000000000000000000000000>, C4<00000000000000000000000000000000>;
L_0x5642e2339710 .functor BUFZ 1, v0x5642e2336040_0, C4<0>, C4<0>, C4<0>;
L_0x5642e2339940 .functor BUFZ 5, v0x5642e23379a0_0, C4<00000>, C4<00000>, C4<00000>;
L_0x5642e2339a40 .functor BUFZ 32, v0x5642e2338050_0, C4<00000000000000000000000000000000>, C4<00000000000000000000000000000000>, C4<00000000000000000000000000000000>;
L_0x5642e2339b00 .functor BUFZ 7, v0x5642e2337420_0, C4<0000000>, C4<0000000>, C4<0000000>;
L_0x5642e2339c10 .functor BUFZ 3, v0x5642e23360e0_0, C4<000>, C4<000>, C4<000>;
L_0x5642e2339cd0 .functor BUFZ 7, v0x5642e2336250_0, C4<0000000>, C4<0000000>, C4<0000000>;
L_0x5642e2339df0 .functor BUFZ 32, v0x5642e2337800_0, C4<00000000000000000000000000000000>, C4<00000000000000000000000000000000>, C4<00000000000000000000000000000000>;
L_0x5642e2339e60 .functor BUFZ 32, v0x5642e2336670_0, C4<00000000000000000000000000000000>, C4<00000000000000000000000000000000>, C4<00000000000000000000000000000000>;
L_0x5642e2339f90 .functor BUFZ 1, v0x5642e2333810_0, C4<0>, C4<0>, C4<0>;
L_0x5642e233a050 .functor BUFZ 1, v0x5642e2333990_0, C4<0>, C4<0>, C4<0>;
v0x5642e2335810_0 .net "ALUOp", 3 0, L_0x5642e233ab20;  1 drivers
v0x5642e23358f0_0 .net "ALUSrc", 0 0, L_0x5642e233ace0;  1 drivers
v0x5642e23359b0_0 .net "Branch", 1 0, L_0x5642e233a930;  1 drivers
v0x5642e2335ab0_0 .net "MemRnW", 0 0, v0x5642e2333810_0;  1 drivers
v0x5642e2335b80_0 .net "MemWrite", 0 0, v0x5642e2333990_0;  1 drivers
v0x5642e2335c70_0 .net "MemtoReg", 0 0, L_0x5642e233aa60;  1 drivers
v0x5642e2335d40_0 .var "PC", 31 0;
v0x5642e2335de0_0 .net "RegWrite", 0 0, L_0x5642e233ada0;  1 drivers
L_0x7fb8ef7490a8 .functor BUFT 1, C4<1>, C4<0>, C4<0>, C4<0>;
v0x5642e2335ed0_0 .net "ali", 0 0, L_0x7fb8ef7490a8;  1 drivers
v0x5642e2335f70_0 .net "alo", 0 0, L_0x5642e233a780;  1 drivers
v0x5642e2336040_0 .var "ecallreg", 0 0;
v0x5642e23360e0_0 .var "func3", 2 0;
v0x5642e2336180_0 .net "func3_w", 2 0, L_0x5642e2339c10;  1 drivers
v0x5642e2336250_0 .var "func7", 6 0;
v0x5642e23362f0_0 .net "func7_w", 6 0, L_0x5642e2339cd0;  1 drivers
v0x5642e23363c0_0 .net "i_A_wire", 31 0, L_0x5642e2339df0;  1 drivers
v0x5642e2336490_0 .net "i_B_wire", 31 0, L_0x5642e2339e60;  1 drivers
v0x5642e2336670_0 .var "i_Breg", 31 0;
o0x7fb8ef793428 .functor BUFZ 32, C4<zzzzzzzzzzzzzzzzzzzzzzzzzzzzzzzz>; HiZ drive
v0x5642e2336730_0 .net "i_DMEM_rdata", 31 0, o0x7fb8ef793428;  0 drivers
o0x7fb8ef793458 .functor BUFZ 1, C4<z>; HiZ drive
v0x5642e2336810_0 .net "i_DMEM_stall", 0 0, o0x7fb8ef793458;  0 drivers
o0x7fb8ef793488 .functor BUFZ 32, C4<zzzzzzzzzzzzzzzzzzzzzzzzzzzzzzzz>; HiZ drive
v0x5642e23368d0_0 .net "i_IMEM_data", 31 0, o0x7fb8ef793488;  0 drivers
o0x7fb8ef7934b8 .functor BUFZ 1, C4<z>; HiZ drive
v0x5642e23369b0_0 .net "i_cache_finish", 0 0, o0x7fb8ef7934b8;  0 drivers
o0x7fb8ef792168 .functor BUFZ 1, C4<z>; HiZ drive
v0x5642e2336a70_0 .net "i_clk", 0 0, o0x7fb8ef792168;  0 drivers
o0x7fb8ef792198 .functor BUFZ 1, C4<z>; HiZ drive
v0x5642e2336b10_0 .net "i_rst_n", 0 0, o0x7fb8ef792198;  0 drivers
v0x5642e2336c00_0 .var "immediate", 19 0;
v0x5642e2336ce0_0 .var "next_PC", 31 0;
v0x5642e2336dc0_0 .net "o_DMEM_addr", 31 0, L_0x5642e233a840;  1 drivers
v0x5642e2336ea0_0 .net "o_DMEM_cen", 0 0, L_0x5642e2339f90;  1 drivers
o0x7fb8ef7935a8 .functor BUFZ 32, C4<zzzzzzzzzzzzzzzzzzzzzzzzzzzzzzzz>; HiZ drive
v0x5642e2336f60_0 .net "o_DMEM_wdata", 31 0, o0x7fb8ef7935a8;  0 drivers
v0x5642e2337040_0 .net "o_DMEM_wen", 0 0, L_0x5642e233a050;  1 drivers
v0x5642e2337100_0 .net "o_IMEM_addr", 31 0, L_0x5642e2339640;  1 drivers
v0x5642e23371e0_0 .net "o_IMEM_cen", 0 0, L_0x5642e23168b0;  1 drivers
v0x5642e23372a0_0 .net "o_finish", 0 0, L_0x5642e2339710;  1 drivers
o0x7fb8ef793698 .functor BUFZ 1, C4<z>; HiZ drive
v0x5642e2337360_0 .net "o_proc_finish", 0 0, o0x7fb8ef793698;  0 drivers
v0x5642e2337420_0 .var "opcode", 6 0;
v0x5642e2337500_0 .net "opcode_w", 6 0, L_0x5642e2339b00;  1 drivers
v0x5642e23375c0_0 .net "rd", 4 0, L_0x5642e2339940;  1 drivers
v0x5642e2337660_0 .net "rdata1", 31 0, L_0x5642e2339f20;  1 drivers
v0x5642e2337730_0 .net "rdata2", 31 0, L_0x5642e233a5b0;  1 drivers
v0x5642e2337800_0 .var "read_data_1", 31 0;
v0x5642e23378c0_0 .var "read_data_2", 31 0;
v0x5642e23379a0_0 .var "register_destination", 4 0;
v0x5642e2337a80_0 .var "register_source_1", 4 0;
v0x5642e2337b60_0 .var "register_source_2", 4 0;
v0x5642e2337c40_0 .net "rs1", 4 0, v0x5642e2337a80_0;  1 drivers
v0x5642e2337d30_0 .net "rs2", 4 0, v0x5642e2337b60_0;  1 drivers
v0x5642e2337e00_0 .var "state", 0 0;
v0x5642e2337ea0_0 .var "state_nxt", 0 0;
v0x5642e2337f60_0 .net "wdata", 31 0, L_0x5642e2339a40;  1 drivers
v0x5642e2338050_0 .var "write_data", 31 0;
E_0x5642e22cf370 .event edge, v0x5642e23330e0_0, v0x5642e2336dc0_0, v0x5642e2336730_0;
E_0x5642e22cf5c0 .event edge, v0x5642e2332db0_0, v0x5642e23378c0_0, v0x5642e2336c00_0;
E_0x5642e22d0660 .event edge, v0x5642e23350d0_0, v0x5642e23351b0_0;
E_0x5642e2289b70/0 .event edge, v0x5642e23368d0_0, v0x5642e2337a80_0, v0x5642e2337b60_0, v0x5642e23379a0_0;
E_0x5642e2289b70/1 .event edge, v0x5642e2336c00_0;
E_0x5642e2289b70 .event/or E_0x5642e2289b70/0, E_0x5642e2289b70/1;
E_0x5642e23187e0/0 .event edge, v0x5642e2337100_0, v0x5642e23368d0_0, v0x5642e2337a80_0, v0x5642e2337b60_0;
E_0x5642e23187e0/1 .event edge, v0x5642e2332e50_0, v0x5642e2335d40_0, v0x5642e2336dc0_0, v0x5642e2337420_0;
E_0x5642e23187e0/2 .event edge, v0x5642e2336c00_0;
E_0x5642e23187e0 .event/or E_0x5642e23187e0/0, E_0x5642e23187e0/1, E_0x5642e23187e0/2;
E_0x5642e2318820 .event "_ivl_30";
L_0x5642e233a840 .part v0x5642e23328f0_0, 0, 32;
S_0x5642e229d140 .scope module, "alu0" "ALU" 2 196, 2 488 0, S_0x5642e2317ba0;
 .timescale 0 0;
    .port_info 0 /INPUT 1 "i_clk";
    .port_info 1 /INPUT 1 "i_rst_n";
    .port_info 2 /INPUT 1 "i_valid";
    .port_info 3 /INPUT 32 "i_A";
    .port_info 4 /INPUT 32 "i_B";
    .port_info 5 /INPUT 4 "ALUOp";
    .port_info 6 /OUTPUT 64 "o_data";
    .port_info 7 /OUTPUT 1 "o_done";
P_0x5642e22cf600 .param/l "BIT_W" 0 2 489, +C4<00000000000000000000000000100000>;
L_0x5642e233a780 .functor BUFZ 1, v0x5642e22ece80_0, C4<0>, C4<0>, C4<0>;
v0x5642e22a17d0_0 .net "ALUOp", 3 0, L_0x5642e233ab20;  alias, 1 drivers
v0x5642e22a33f0_0 .var "aluop", 3 0;
v0x5642e22ece80_0 .var "done", 0 0;
v0x5642e22ed010_0 .net "i_A", 31 0, L_0x5642e2339df0;  alias, 1 drivers
v0x5642e23169d0_0 .net "i_B", 31 0, L_0x5642e2339e60;  alias, 1 drivers
v0x5642e2316a70_0 .var "i_a", 31 0;
v0x5642e22f1110_0 .var "i_b", 31 0;
v0x5642e2332480_0 .net "i_clk", 0 0, o0x7fb8ef792168;  alias, 0 drivers
v0x5642e2332540_0 .net "i_rst_n", 0 0, o0x7fb8ef792198;  alias, 0 drivers
v0x5642e2332690_0 .net "i_valid", 0 0, L_0x7fb8ef7490a8;  alias, 1 drivers
v0x5642e2332750_0 .net "o_data", 63 0, v0x5642e23328f0_0;  1 drivers
v0x5642e2332830_0 .net "o_done", 0 0, L_0x5642e233a780;  alias, 1 drivers
v0x5642e23328f0_0 .var "op", 63 0;
E_0x5642e2316620 .event edge, v0x5642e22a17d0_0, v0x5642e2316a70_0, v0x5642e22f1110_0;
E_0x5642e2317140/0 .event edge, v0x5642e2332690_0, v0x5642e22ed010_0, v0x5642e23169d0_0, v0x5642e22a17d0_0;
E_0x5642e2317140/1 .event edge, v0x5642e2316a70_0, v0x5642e22f1110_0, v0x5642e22a33f0_0;
E_0x5642e2317140 .event/or E_0x5642e2317140/0, E_0x5642e2317140/1;
S_0x5642e229d490 .scope module, "cu0" "ControlUnit" 2 216, 2 634 0, S_0x5642e2317ba0;
 .timescale 0 0;
    .port_info 0 /INPUT 7 "opcode";
    .port_info 1 /INPUT 3 "func3";
    .port_info 2 /INPUT 7 "func7";
    .port_info 3 /OUTPUT 2 "Branch";
    .port_info 4 /OUTPUT 1 "MemRnW";
    .port_info 5 /OUTPUT 1 "MemtoReg";
    .port_info 6 /OUTPUT 4 "ALUOp";
    .port_info 7 /OUTPUT 1 "MemWrite";
    .port_info 8 /OUTPUT 1 "ALUSrc";
    .port_info 9 /OUTPUT 1 "RegWrite";
P_0x5642e2332af0 .param/l "aupicop" 0 2 658, C4<0010111>;
L_0x5642e233a930 .functor BUFZ 2, v0x5642e2333570_0, C4<00>, C4<00>, C4<00>;
L_0x5642e233aa60 .functor BUFZ 1, v0x5642e23338d0_0, C4<0>, C4<0>, C4<0>;
L_0x5642e233ace0 .functor BUFZ 1, v0x5642e23334b0_0, C4<0>, C4<0>, C4<0>;
L_0x5642e233ada0 .functor BUFZ 1, v0x5642e2333b30_0, C4<0>, C4<0>, C4<0>;
v0x5642e2332cd0_0 .net "ALUOp", 3 0, L_0x5642e233ab20;  alias, 1 drivers
v0x5642e2332db0_0 .net "ALUSrc", 0 0, L_0x5642e233ace0;  alias, 1 drivers
v0x5642e2332e50_0 .net "Branch", 1 0, L_0x5642e233a930;  alias, 1 drivers
v0x5642e2332f10_0 .net "MemRnW", 0 0, v0x5642e2333810_0;  alias, 1 drivers
v0x5642e2332fd0_0 .net "MemWrite", 0 0, v0x5642e2333990_0;  alias, 1 drivers
v0x5642e23330e0_0 .net "MemtoReg", 0 0, L_0x5642e233aa60;  alias, 1 drivers
v0x5642e23331a0_0 .net "RegWrite", 0 0, L_0x5642e233ada0;  alias, 1 drivers
L_0x7fb8ef7490f0 .functor BUFT 1, C4<0>, C4<0>, C4<0>, C4<0>;
v0x5642e2333260_0 .net *"_ivl_9", 0 0, L_0x7fb8ef7490f0;  1 drivers
v0x5642e2333340_0 .var "aluop", 2 0;
v0x5642e23334b0_0 .var "alusrc", 0 0;
v0x5642e2333570_0 .var "branch", 1 0;
v0x5642e2333650_0 .net "func3", 2 0, L_0x5642e2339c10;  alias, 1 drivers
v0x5642e2333730_0 .net "func7", 6 0, L_0x5642e2339cd0;  alias, 1 drivers
v0x5642e2333810_0 .var "memrnw", 0 0;
v0x5642e23338d0_0 .var "memtoreg", 0 0;
v0x5642e2333990_0 .var "memwrite", 0 0;
v0x5642e2333a50_0 .net "opcode", 6 0, L_0x5642e2339b00;  alias, 1 drivers
v0x5642e2333b30_0 .var "regwrite", 0 0;
E_0x5642e23164e0 .event edge, v0x5642e2333a50_0, v0x5642e2333650_0, v0x5642e2333730_0;
L_0x5642e233ab20 .concat [ 3 1 0 0], v0x5642e2333340_0, L_0x7fb8ef7490f0;
S_0x5642e229d7e0 .scope module, "reg0" "Reg_file" 2 185, 2 444 0, S_0x5642e2317ba0;
 .timescale 0 0;
    .port_info 0 /INPUT 1 "i_clk";
    .port_info 1 /INPUT 1 "i_rst_n";
    .port_info 2 /INPUT 1 "wen";
    .port_info 3 /INPUT 5 "rs1";
    .port_info 4 /INPUT 5 "rs2";
    .port_info 5 /INPUT 5 "rd";
    .port_info 6 /INPUT 32 "wdata";
    .port_info 7 /OUTPUT 32 "rdata1";
    .port_info 8 /OUTPUT 32 "rdata2";
P_0x5642e2333d90 .param/l "BITS" 0 2 446, +C4<00000000000000000000000000100000>;
P_0x5642e2333dd0 .param/l "addr_width" 0 2 448, +C4<00000000000000000000000000000101>;
P_0x5642e2333e10 .param/l "word_depth" 0 2 447, +C4<00000000000000000000000000100000>;
L_0x5642e2339f20 .functor BUFZ 32, L_0x5642e22a4be0, C4<00000000000000000000000000000000>, C4<00000000000000000000000000000000>, C4<00000000000000000000000000000000>;
L_0x5642e233a5b0 .functor BUFZ 32, L_0x5642e233a3a0, C4<00000000000000000000000000000000>, C4<00000000000000000000000000000000>, C4<00000000000000000000000000000000>;
v0x5642e23341c0_0 .net *"_ivl_0", 31 0, L_0x5642e22a4be0;  1 drivers
v0x5642e23342c0_0 .net *"_ivl_10", 6 0, L_0x5642e233a440;  1 drivers
L_0x7fb8ef749060 .functor BUFT 1, C4<00>, C4<0>, C4<0>, C4<0>;
v0x5642e23343a0_0 .net *"_ivl_13", 1 0, L_0x7fb8ef749060;  1 drivers
v0x5642e2334460_0 .net *"_ivl_2", 6 0, L_0x5642e233a1c0;  1 drivers
L_0x7fb8ef749018 .functor BUFT 1, C4<00>, C4<0>, C4<0>, C4<0>;
v0x5642e2334540_0 .net *"_ivl_5", 1 0, L_0x7fb8ef749018;  1 drivers
v0x5642e2334670_0 .net *"_ivl_8", 31 0, L_0x5642e233a3a0;  1 drivers
v0x5642e2334750_0 .var/i "i", 31 0;
v0x5642e2334830_0 .net "i_clk", 0 0, o0x7fb8ef792168;  alias, 0 drivers
v0x5642e23348d0_0 .net "i_rst_n", 0 0, o0x7fb8ef792198;  alias, 0 drivers
v0x5642e23349a0 .array "mem", 31 0, 31 0;
v0x5642e2334f30 .array "mem_nxt", 31 0, 31 0;
v0x5642e2334ff0_0 .net "rd", 4 0, L_0x5642e2339940;  alias, 1 drivers
v0x5642e23350d0_0 .net "rdata1", 31 0, L_0x5642e2339f20;  alias, 1 drivers
v0x5642e23351b0_0 .net "rdata2", 31 0, L_0x5642e233a5b0;  alias, 1 drivers
v0x5642e2335290_0 .net "rs1", 4 0, v0x5642e2337a80_0;  alias, 1 drivers
v0x5642e2335370_0 .net "rs2", 4 0, v0x5642e2337b60_0;  alias, 1 drivers
v0x5642e2335450_0 .net "wdata", 31 0, L_0x5642e2339a40;  alias, 1 drivers
v0x5642e2335640_0 .net "wen", 0 0, L_0x5642e233ada0;  alias, 1 drivers
E_0x5642e2317810/0 .event negedge, v0x5642e2332540_0;
E_0x5642e2317810/1 .event posedge, v0x5642e2332480_0;
E_0x5642e2317810 .event/or E_0x5642e2317810/0, E_0x5642e2317810/1;
v0x5642e23349a0_0 .array/port v0x5642e23349a0, 0;
E_0x5642e22ad880/0 .event edge, v0x5642e23331a0_0, v0x5642e2334ff0_0, v0x5642e2335450_0, v0x5642e23349a0_0;
v0x5642e23349a0_1 .array/port v0x5642e23349a0, 1;
v0x5642e23349a0_2 .array/port v0x5642e23349a0, 2;
v0x5642e23349a0_3 .array/port v0x5642e23349a0, 3;
v0x5642e23349a0_4 .array/port v0x5642e23349a0, 4;
E_0x5642e22ad880/1 .event edge, v0x5642e23349a0_1, v0x5642e23349a0_2, v0x5642e23349a0_3, v0x5642e23349a0_4;
v0x5642e23349a0_5 .array/port v0x5642e23349a0, 5;
v0x5642e23349a0_6 .array/port v0x5642e23349a0, 6;
v0x5642e23349a0_7 .array/port v0x5642e23349a0, 7;
v0x5642e23349a0_8 .array/port v0x5642e23349a0, 8;
E_0x5642e22ad880/2 .event edge, v0x5642e23349a0_5, v0x5642e23349a0_6, v0x5642e23349a0_7, v0x5642e23349a0_8;
v0x5642e23349a0_9 .array/port v0x5642e23349a0, 9;
v0x5642e23349a0_10 .array/port v0x5642e23349a0, 10;
v0x5642e23349a0_11 .array/port v0x5642e23349a0, 11;
v0x5642e23349a0_12 .array/port v0x5642e23349a0, 12;
E_0x5642e22ad880/3 .event edge, v0x5642e23349a0_9, v0x5642e23349a0_10, v0x5642e23349a0_11, v0x5642e23349a0_12;
v0x5642e23349a0_13 .array/port v0x5642e23349a0, 13;
v0x5642e23349a0_14 .array/port v0x5642e23349a0, 14;
v0x5642e23349a0_15 .array/port v0x5642e23349a0, 15;
v0x5642e23349a0_16 .array/port v0x5642e23349a0, 16;
E_0x5642e22ad880/4 .event edge, v0x5642e23349a0_13, v0x5642e23349a0_14, v0x5642e23349a0_15, v0x5642e23349a0_16;
v0x5642e23349a0_17 .array/port v0x5642e23349a0, 17;
v0x5642e23349a0_18 .array/port v0x5642e23349a0, 18;
v0x5642e23349a0_19 .array/port v0x5642e23349a0, 19;
v0x5642e23349a0_20 .array/port v0x5642e23349a0, 20;
E_0x5642e22ad880/5 .event edge, v0x5642e23349a0_17, v0x5642e23349a0_18, v0x5642e23349a0_19, v0x5642e23349a0_20;
v0x5642e23349a0_21 .array/port v0x5642e23349a0, 21;
v0x5642e23349a0_22 .array/port v0x5642e23349a0, 22;
v0x5642e23349a0_23 .array/port v0x5642e23349a0, 23;
v0x5642e23349a0_24 .array/port v0x5642e23349a0, 24;
E_0x5642e22ad880/6 .event edge, v0x5642e23349a0_21, v0x5642e23349a0_22, v0x5642e23349a0_23, v0x5642e23349a0_24;
v0x5642e23349a0_25 .array/port v0x5642e23349a0, 25;
v0x5642e23349a0_26 .array/port v0x5642e23349a0, 26;
v0x5642e23349a0_27 .array/port v0x5642e23349a0, 27;
v0x5642e23349a0_28 .array/port v0x5642e23349a0, 28;
E_0x5642e22ad880/7 .event edge, v0x5642e23349a0_25, v0x5642e23349a0_26, v0x5642e23349a0_27, v0x5642e23349a0_28;
v0x5642e23349a0_29 .array/port v0x5642e23349a0, 29;
v0x5642e23349a0_30 .array/port v0x5642e23349a0, 30;
v0x5642e23349a0_31 .array/port v0x5642e23349a0, 31;
E_0x5642e22ad880/8 .event edge, v0x5642e23349a0_29, v0x5642e23349a0_30, v0x5642e23349a0_31;
E_0x5642e22ad880 .event/or E_0x5642e22ad880/0, E_0x5642e22ad880/1, E_0x5642e22ad880/2, E_0x5642e22ad880/3, E_0x5642e22ad880/4, E_0x5642e22ad880/5, E_0x5642e22ad880/6, E_0x5642e22ad880/7, E_0x5642e22ad880/8;
L_0x5642e22a4be0 .array/port v0x5642e23349a0, L_0x5642e233a1c0;
L_0x5642e233a1c0 .concat [ 5 2 0 0], v0x5642e2337a80_0, L_0x7fb8ef749018;
L_0x5642e233a3a0 .array/port v0x5642e23349a0, L_0x5642e233a440;
L_0x5642e233a440 .concat [ 5 2 0 0], v0x5642e2337b60_0, L_0x7fb8ef749060;
S_0x5642e2317650 .scope module, "Cache" "Cache" 2 799;
 .timescale 0 0;
    .port_info 0 /INPUT 1 "i_clk";
    .port_info 1 /INPUT 1 "i_rst_n";
    .port_info 2 /INPUT 1 "i_proc_cen";
    .port_info 3 /INPUT 1 "i_proc_wen";
    .port_info 4 /INPUT 32 "i_proc_addr";
    .port_info 5 /INPUT 32 "i_proc_wdata";
    .port_info 6 /OUTPUT 32 "o_proc_rdata";
    .port_info 7 /OUTPUT 1 "o_proc_stall";
    .port_info 8 /INPUT 1 "i_proc_finish";
    .port_info 9 /OUTPUT 1 "o_cache_finish";
    .port_info 10 /OUTPUT 1 "o_mem_cen";
    .port_info 11 /OUTPUT 1 "o_mem_wen";
    .port_info 12 /OUTPUT 32 "o_mem_addr";
    .port_info 13 /OUTPUT 128 "o_mem_wdata";
    .port_info 14 /INPUT 128 "i_mem_rdata";
    .port_info 15 /INPUT 1 "i_mem_stall";
    .port_info 16 /OUTPUT 1 "o_cache_available";
    .port_info 17 /INPUT 32 "i_offset";
P_0x5642e23183d0 .param/l "ADDR_W" 0 2 801, +C4<00000000000000000000000000100000>;
P_0x5642e2318410 .param/l "BIT_W" 0 2 800, +C4<00000000000000000000000000100000>;
o0x7fb8ef793c38 .functor BUFZ 1, C4<z>; HiZ drive
L_0x5642e233aed0 .functor BUFZ 1, o0x7fb8ef793c38, C4<0>, C4<0>, C4<0>;
o0x7fb8ef793cc8 .functor BUFZ 1, C4<z>; HiZ drive
L_0x5642e233af70 .functor BUFZ 1, o0x7fb8ef793cc8, C4<0>, C4<0>, C4<0>;
o0x7fb8ef793c08 .functor BUFZ 32, C4<zzzzzzzzzzzzzzzzzzzzzzzzzzzzzzzz>; HiZ drive
L_0x5642e233b040 .functor BUFZ 32, o0x7fb8ef793c08, C4<00000000000000000000000000000000>, C4<00000000000000000000000000000000>, C4<00000000000000000000000000000000>;
o0x7fb8ef793ba8 .functor BUFZ 1, C4<z>; HiZ drive
L_0x5642e234b3e0 .functor BUFZ 1, o0x7fb8ef793ba8, C4<0>, C4<0>, C4<0>;
L_0x7fb8ef749180 .functor BUFT 1, C4<000000000000000000000000000000000000000000000000000000000000000000000000000000000000000000000000>, C4<0>, C4<0>, C4<0>;
v0x5642e2338350_0 .net *"_ivl_11", 95 0, L_0x7fb8ef749180;  1 drivers
o0x7fb8ef793b48 .functor BUFZ 1, C4<z>; HiZ drive
v0x5642e2338450_0 .net "i_clk", 0 0, o0x7fb8ef793b48;  0 drivers
o0x7fb8ef793b78 .functor BUFZ 128, C4<zzzzzzzzzzzzzzzzzzzzzzzzzzzzzzzzzzzzzzzzzzzzzzzzzzzzzzzzzzzzzzzzzzzzzzzzzzzzzzzzzzzzzzzzzzzzzzzzzzzzzzzzzzzzzzzzzzzzzzzzzzzzzzzz>; HiZ drive
v0x5642e2338510_0 .net "i_mem_rdata", 127 0, o0x7fb8ef793b78;  0 drivers
v0x5642e2338600_0 .net "i_mem_stall", 0 0, o0x7fb8ef793ba8;  0 drivers
o0x7fb8ef793bd8 .functor BUFZ 32, C4<zzzzzzzzzzzzzzzzzzzzzzzzzzzzzzzz>; HiZ drive
v0x5642e23386c0_0 .net "i_offset", 31 0, o0x7fb8ef793bd8;  0 drivers
v0x5642e23387f0_0 .net "i_proc_addr", 31 0, o0x7fb8ef793c08;  0 drivers
v0x5642e23388d0_0 .net "i_proc_cen", 0 0, o0x7fb8ef793c38;  0 drivers
o0x7fb8ef793c68 .functor BUFZ 1, C4<z>; HiZ drive
v0x5642e2338990_0 .net "i_proc_finish", 0 0, o0x7fb8ef793c68;  0 drivers
o0x7fb8ef793c98 .functor BUFZ 32, C4<zzzzzzzzzzzzzzzzzzzzzzzzzzzzzzzz>; HiZ drive
v0x5642e2338a50_0 .net "i_proc_wdata", 31 0, o0x7fb8ef793c98;  0 drivers
v0x5642e2338b30_0 .net "i_proc_wen", 0 0, o0x7fb8ef793cc8;  0 drivers
o0x7fb8ef793cf8 .functor BUFZ 1, C4<z>; HiZ drive
v0x5642e2338bf0_0 .net "i_rst_n", 0 0, o0x7fb8ef793cf8;  0 drivers
L_0x7fb8ef749138 .functor BUFT 1, C4<0>, C4<0>, C4<0>, C4<0>;
v0x5642e2338cb0_0 .net "o_cache_available", 0 0, L_0x7fb8ef749138;  1 drivers
o0x7fb8ef793d58 .functor BUFZ 1, C4<z>; HiZ drive
v0x5642e2338d70_0 .net "o_cache_finish", 0 0, o0x7fb8ef793d58;  0 drivers
v0x5642e2338e30_0 .net "o_mem_addr", 31 0, L_0x5642e233b040;  1 drivers
v0x5642e2338f10_0 .net "o_mem_cen", 0 0, L_0x5642e233aed0;  1 drivers
v0x5642e2338fd0_0 .net "o_mem_wdata", 127 0, L_0x5642e233b110;  1 drivers
v0x5642e23390b0_0 .net "o_mem_wen", 0 0, L_0x5642e233af70;  1 drivers
v0x5642e2339170_0 .net "o_proc_rdata", 31 0, L_0x5642e234b310;  1 drivers
v0x5642e2339250_0 .net "o_proc_stall", 0 0, L_0x5642e234b3e0;  1 drivers
L_0x5642e233b110 .concat [ 32 96 0 0], o0x7fb8ef793c98, L_0x7fb8ef749180;
L_0x5642e234b310 .part o0x7fb8ef793b78, 0, 32;
    .scope S_0x5642e229d7e0;
T_0 ;
    %wait E_0x5642e22ad880;
    %pushi/vec4 0, 0, 32;
    %store/vec4 v0x5642e2334750_0, 0, 32;
T_0.0 ;
    %load/vec4 v0x5642e2334750_0;
    %cmpi/s 32, 0, 32;
    %jmp/0xz T_0.1, 5;
    %load/vec4 v0x5642e2335640_0;
    %load/vec4 v0x5642e2334ff0_0;
    %pad/u 32;
    %load/vec4 v0x5642e2334750_0;
    %cmp/e;
    %flag_get/vec4 4;
    %and;
    %flag_set/vec4 8;
    %jmp/0 T_0.2, 8;
    %load/vec4 v0x5642e2335450_0;
    %jmp/1 T_0.3, 8;
T_0.2 ; End of true expr.
    %ix/getv/s 4, v0x5642e2334750_0;
    %load/vec4a v0x5642e23349a0, 4;
    %jmp/0 T_0.3, 8;
 ; End of false expr.
    %blend;
T_0.3;
    %ix/getv/s 4, v0x5642e2334750_0;
    %store/vec4a v0x5642e2334f30, 4, 0;
    %load/vec4 v0x5642e2334750_0;
    %addi 1, 0, 32;
    %store/vec4 v0x5642e2334750_0, 0, 32;
    %jmp T_0.0;
T_0.1 ;
    %jmp T_0;
    .thread T_0, $push;
    .scope S_0x5642e229d7e0;
T_1 ;
    %wait E_0x5642e2317810;
    %load/vec4 v0x5642e23348d0_0;
    %nor/r;
    %flag_set/vec4 8;
    %jmp/0xz  T_1.0, 8;
    %pushi/vec4 0, 0, 32;
    %ix/load 3, 0, 0;
    %flag_set/imm 4, 0;
    %ix/load 4, 0, 0; Constant delay
    %assign/vec4/a/d v0x5642e23349a0, 0, 4;
    %pushi/vec4 1, 0, 32;
    %store/vec4 v0x5642e2334750_0, 0, 32;
T_1.2 ;
    %load/vec4 v0x5642e2334750_0;
    %cmpi/s 32, 0, 32;
    %jmp/0xz T_1.3, 5;
    %load/vec4 v0x5642e2334750_0;
    %dup/vec4;
    %pushi/vec4 2, 0, 32;
    %cmp/u;
    %jmp/1 T_1.4, 6;
    %dup/vec4;
    %pushi/vec4 3, 0, 32;
    %cmp/u;
    %jmp/1 T_1.5, 6;
    %pushi/vec4 0, 0, 32;
    %ix/getv/s 3, v0x5642e2334750_0;
    %ix/load 4, 0, 0; Constant delay
    %assign/vec4/a/d v0x5642e23349a0, 0, 4;
    %jmp T_1.7;
T_1.4 ;
    %pushi/vec4 3221225456, 0, 32;
    %ix/getv/s 3, v0x5642e2334750_0;
    %ix/load 4, 0, 0; Constant delay
    %assign/vec4/a/d v0x5642e23349a0, 0, 4;
    %jmp T_1.7;
T_1.5 ;
    %pushi/vec4 268468224, 0, 32;
    %ix/getv/s 3, v0x5642e2334750_0;
    %ix/load 4, 0, 0; Constant delay
    %assign/vec4/a/d v0x5642e23349a0, 0, 4;
    %jmp T_1.7;
T_1.7 ;
    %pop/vec4 1;
    %load/vec4 v0x5642e2334750_0;
    %addi 1, 0, 32;
    %store/vec4 v0x5642e2334750_0, 0, 32;
    %jmp T_1.2;
T_1.3 ;
    %jmp T_1.1;
T_1.0 ;
    %pushi/vec4 0, 0, 32;
    %ix/load 3, 0, 0;
    %flag_set/imm 4, 0;
    %ix/load 4, 0, 0; Constant delay
    %assign/vec4/a/d v0x5642e23349a0, 0, 4;
    %pushi/vec4 1, 0, 32;
    %store/vec4 v0x5642e2334750_0, 0, 32;
T_1.8 ;
    %load/vec4 v0x5642e2334750_0;
    %cmpi/s 32, 0, 32;
    %jmp/0xz T_1.9, 5;
    %ix/getv/s 4, v0x5642e2334750_0;
    %load/vec4a v0x5642e2334f30, 4;
    %ix/getv/s 3, v0x5642e2334750_0;
    %ix/load 4, 0, 0; Constant delay
    %assign/vec4/a/d v0x5642e23349a0, 0, 4;
    %load/vec4 v0x5642e2334750_0;
    %addi 1, 0, 32;
    %store/vec4 v0x5642e2334750_0, 0, 32;
    %jmp T_1.8;
T_1.9 ;
T_1.1 ;
    %jmp T_1;
    .thread T_1;
    .scope S_0x5642e229d140;
T_2 ;
    %wait E_0x5642e2317140;
    %load/vec4 v0x5642e2332690_0;
    %flag_set/vec4 8;
    %jmp/0xz  T_2.0, 8;
    %load/vec4 v0x5642e22ed010_0;
    %store/vec4 v0x5642e2316a70_0, 0, 32;
    %load/vec4 v0x5642e23169d0_0;
    %store/vec4 v0x5642e22f1110_0, 0, 32;
    %load/vec4 v0x5642e22a17d0_0;
    %store/vec4 v0x5642e22a33f0_0, 0, 4;
    %jmp T_2.1;
T_2.0 ;
    %load/vec4 v0x5642e2316a70_0;
    %store/vec4 v0x5642e2316a70_0, 0, 32;
    %load/vec4 v0x5642e22f1110_0;
    %store/vec4 v0x5642e22f1110_0, 0, 32;
    %load/vec4 v0x5642e22a33f0_0;
    %store/vec4 v0x5642e22a33f0_0, 0, 4;
T_2.1 ;
    %jmp T_2;
    .thread T_2, $push;
    .scope S_0x5642e229d140;
T_3 ;
    %wait E_0x5642e2316620;
    %load/vec4 v0x5642e22a17d0_0;
    %dup/vec4;
    %pushi/vec4 0, 0, 4;
    %cmp/u;
    %jmp/1 T_3.0, 6;
    %dup/vec4;
    %pushi/vec4 1, 0, 4;
    %cmp/u;
    %jmp/1 T_3.1, 6;
    %dup/vec4;
    %pushi/vec4 2, 0, 4;
    %cmp/u;
    %jmp/1 T_3.2, 6;
    %dup/vec4;
    %pushi/vec4 3, 0, 4;
    %cmp/u;
    %jmp/1 T_3.3, 6;
    %dup/vec4;
    %pushi/vec4 4, 0, 4;
    %cmp/u;
    %jmp/1 T_3.4, 6;
    %dup/vec4;
    %pushi/vec4 5, 0, 4;
    %cmp/u;
    %jmp/1 T_3.5, 6;
    %dup/vec4;
    %pushi/vec4 6, 0, 4;
    %cmp/u;
    %jmp/1 T_3.6, 6;
    %dup/vec4;
    %pushi/vec4 9, 0, 4;
    %cmp/u;
    %jmp/1 T_3.7, 6;
    %dup/vec4;
    %pushi/vec4 10, 0, 4;
    %cmp/u;
    %jmp/1 T_3.8, 6;
    %dup/vec4;
    %pushi/vec4 11, 0, 4;
    %cmp/u;
    %jmp/1 T_3.9, 6;
    %dup/vec4;
    %pushi/vec4 12, 0, 4;
    %cmp/u;
    %jmp/1 T_3.10, 6;
    %pushi/vec4 0, 0, 64;
    %store/vec4 v0x5642e23328f0_0, 0, 64;
    %pushi/vec4 0, 0, 1;
    %store/vec4 v0x5642e22ece80_0, 0, 1;
    %jmp T_3.12;
T_3.0 ;
    %vpi_call 2 529 "$display", "add:\011" {0 0 0};
    %load/vec4 v0x5642e2316a70_0;
    %pad/u 64;
    %load/vec4 v0x5642e22f1110_0;
    %pad/u 64;
    %add;
    %store/vec4 v0x5642e23328f0_0, 0, 64;
    %pushi/vec4 1, 0, 1;
    %store/vec4 v0x5642e22ece80_0, 0, 1;
    %jmp T_3.12;
T_3.1 ;
    %vpi_call 2 534 "$display", "sub:\011" {0 0 0};
    %load/vec4 v0x5642e2316a70_0;
    %pad/u 64;
    %load/vec4 v0x5642e22f1110_0;
    %pad/u 64;
    %sub;
    %store/vec4 v0x5642e23328f0_0, 0, 64;
    %pushi/vec4 1, 0, 1;
    %store/vec4 v0x5642e22ece80_0, 0, 1;
    %jmp T_3.12;
T_3.2 ;
    %vpi_call 2 539 "$display", "and:\011" {0 0 0};
    %load/vec4 v0x5642e2316a70_0;
    %pad/u 64;
    %load/vec4 v0x5642e22f1110_0;
    %pad/u 64;
    %and;
    %store/vec4 v0x5642e23328f0_0, 0, 64;
    %pushi/vec4 1, 0, 1;
    %store/vec4 v0x5642e22ece80_0, 0, 1;
    %jmp T_3.12;
T_3.3 ;
    %vpi_call 2 544 "$display", "xor:\011" {0 0 0};
    %load/vec4 v0x5642e2316a70_0;
    %pad/u 64;
    %load/vec4 v0x5642e22f1110_0;
    %pad/u 64;
    %xor;
    %store/vec4 v0x5642e23328f0_0, 0, 64;
    %pushi/vec4 1, 0, 1;
    %store/vec4 v0x5642e22ece80_0, 0, 1;
    %jmp T_3.12;
T_3.4 ;
    %vpi_call 2 549 "$display", "slli:\011" {0 0 0};
    %load/vec4 v0x5642e2316a70_0;
    %pad/u 64;
    %ix/getv 4, v0x5642e22f1110_0;
    %shiftl 4;
    %store/vec4 v0x5642e23328f0_0, 0, 64;
    %pushi/vec4 1, 0, 1;
    %store/vec4 v0x5642e22ece80_0, 0, 1;
    %jmp T_3.12;
T_3.5 ;
    %vpi_call 2 554 "$display", "slti:\011" {0 0 0};
    %load/vec4 v0x5642e2316a70_0;
    %load/vec4 v0x5642e22f1110_0;
    %cmp/s;
    %flag_mov 8, 5;
    %jmp/0 T_3.13, 8;
    %pushi/vec4 1, 0, 64;
    %jmp/1 T_3.14, 8;
T_3.13 ; End of true expr.
    %pushi/vec4 0, 0, 64;
    %jmp/0 T_3.14, 8;
 ; End of false expr.
    %blend;
T_3.14;
    %store/vec4 v0x5642e23328f0_0, 0, 64;
    %pushi/vec4 1, 0, 1;
    %store/vec4 v0x5642e22ece80_0, 0, 1;
    %jmp T_3.12;
T_3.6 ;
    %vpi_call 2 559 "$display", "srai:\011" {0 0 0};
    %load/vec4 v0x5642e2316a70_0;
    %pad/u 64;
    %ix/getv 4, v0x5642e22f1110_0;
    %shiftr 4;
    %store/vec4 v0x5642e23328f0_0, 0, 64;
    %pushi/vec4 1, 0, 1;
    %store/vec4 v0x5642e22ece80_0, 0, 1;
    %jmp T_3.12;
T_3.7 ;
    %vpi_call 2 564 "$display", "beq:\011" {0 0 0};
    %load/vec4 v0x5642e2316a70_0;
    %load/vec4 v0x5642e22f1110_0;
    %sub;
    %cmpi/e 0, 0, 32;
    %flag_mov 8, 4;
    %jmp/0 T_3.15, 8;
    %pushi/vec4 1, 0, 64;
    %jmp/1 T_3.16, 8;
T_3.15 ; End of true expr.
    %pushi/vec4 0, 0, 64;
    %jmp/0 T_3.16, 8;
 ; End of false expr.
    %blend;
T_3.16;
    %store/vec4 v0x5642e23328f0_0, 0, 64;
    %pushi/vec4 1, 0, 1;
    %store/vec4 v0x5642e22ece80_0, 0, 1;
    %jmp T_3.12;
T_3.8 ;
    %vpi_call 2 569 "$display", "bge:\011" {0 0 0};
    %load/vec4 v0x5642e2316a70_0;
    %load/vec4 v0x5642e22f1110_0;
    %sub;
    %cmpi/u 0, 0, 32;
    %flag_inv 5; GE is !LT
    %flag_mov 8, 5;
    %jmp/0 T_3.17, 8;
    %pushi/vec4 1, 0, 64;
    %jmp/1 T_3.18, 8;
T_3.17 ; End of true expr.
    %pushi/vec4 0, 0, 64;
    %jmp/0 T_3.18, 8;
 ; End of false expr.
    %blend;
T_3.18;
    %store/vec4 v0x5642e23328f0_0, 0, 64;
    %pushi/vec4 1, 0, 1;
    %store/vec4 v0x5642e22ece80_0, 0, 1;
    %jmp T_3.12;
T_3.9 ;
    %vpi_call 2 574 "$display", "blt:\011" {0 0 0};
    %load/vec4 v0x5642e2316a70_0;
    %load/vec4 v0x5642e22f1110_0;
    %sub;
    %cmpi/u 0, 0, 32;
    %flag_mov 8, 5;
    %jmp/0 T_3.19, 8;
    %pushi/vec4 1, 0, 64;
    %jmp/1 T_3.20, 8;
T_3.19 ; End of true expr.
    %pushi/vec4 0, 0, 64;
    %jmp/0 T_3.20, 8;
 ; End of false expr.
    %blend;
T_3.20;
    %store/vec4 v0x5642e23328f0_0, 0, 64;
    %pushi/vec4 1, 0, 1;
    %store/vec4 v0x5642e22ece80_0, 0, 1;
    %jmp T_3.12;
T_3.10 ;
    %vpi_call 2 579 "$display", "bne:\011" {0 0 0};
    %load/vec4 v0x5642e2316a70_0;
    %load/vec4 v0x5642e22f1110_0;
    %sub;
    %cmpi/ne 0, 0, 32;
    %flag_mov 8, 4;
    %jmp/0 T_3.21, 8;
    %pushi/vec4 1, 0, 64;
    %jmp/1 T_3.22, 8;
T_3.21 ; End of true expr.
    %pushi/vec4 0, 0, 64;
    %jmp/0 T_3.22, 8;
 ; End of false expr.
    %blend;
T_3.22;
    %store/vec4 v0x5642e23328f0_0, 0, 64;
    %pushi/vec4 1, 0, 1;
    %store/vec4 v0x5642e22ece80_0, 0, 1;
    %jmp T_3.12;
T_3.12 ;
    %pop/vec4 1;
    %jmp T_3;
    .thread T_3, $push;
    .scope S_0x5642e229d490;
T_4 ;
    %wait E_0x5642e23164e0;
    %load/vec4 v0x5642e2333a50_0;
    %dup/vec4;
    %pushi/vec4 51, 0, 7;
    %cmp/u;
    %jmp/1 T_4.0, 6;
    %dup/vec4;
    %pushi/vec4 3, 0, 7;
    %cmp/u;
    %jmp/1 T_4.1, 6;
    %dup/vec4;
    %pushi/vec4 35, 0, 7;
    %cmp/u;
    %jmp/1 T_4.2, 6;
    %dup/vec4;
    %pushi/vec4 99, 0, 7;
    %cmp/u;
    %jmp/1 T_4.3, 6;
    %dup/vec4;
    %pushi/vec4 19, 0, 7;
    %cmp/u;
    %jmp/1 T_4.4, 6;
    %dup/vec4;
    %pushi/vec4 111, 0, 7;
    %cmp/u;
    %jmp/1 T_4.5, 6;
    %dup/vec4;
    %pushi/vec4 115, 0, 7;
    %cmp/u;
    %jmp/1 T_4.6, 6;
    %dup/vec4;
    %pushi/vec4 23, 0, 7;
    %cmp/u;
    %jmp/1 T_4.7, 6;
    %pushi/vec4 0, 0, 2;
    %store/vec4 v0x5642e2333570_0, 0, 2;
    %pushi/vec4 0, 0, 1;
    %store/vec4 v0x5642e2333810_0, 0, 1;
    %pushi/vec4 0, 0, 1;
    %store/vec4 v0x5642e23338d0_0, 0, 1;
    %pushi/vec4 0, 0, 3;
    %store/vec4 v0x5642e2333340_0, 0, 3;
    %pushi/vec4 0, 0, 1;
    %store/vec4 v0x5642e2333990_0, 0, 1;
    %pushi/vec4 0, 0, 1;
    %store/vec4 v0x5642e23334b0_0, 0, 1;
    %pushi/vec4 0, 0, 1;
    %store/vec4 v0x5642e2333b30_0, 0, 1;
    %jmp T_4.9;
T_4.0 ;
    %vpi_call 2 664 "$display", "R-type" {0 0 0};
    %pushi/vec4 0, 0, 2;
    %store/vec4 v0x5642e2333570_0, 0, 2;
    %pushi/vec4 0, 0, 1;
    %store/vec4 v0x5642e2333810_0, 0, 1;
    %pushi/vec4 0, 0, 1;
    %store/vec4 v0x5642e23338d0_0, 0, 1;
    %load/vec4 v0x5642e2333650_0;
    %dup/vec4;
    %pushi/vec4 0, 0, 3;
    %cmp/u;
    %jmp/1 T_4.10, 6;
    %dup/vec4;
    %pushi/vec4 7, 0, 3;
    %cmp/u;
    %jmp/1 T_4.11, 6;
    %dup/vec4;
    %pushi/vec4 4, 0, 3;
    %cmp/u;
    %jmp/1 T_4.12, 6;
    %pushi/vec4 0, 0, 3;
    %store/vec4 v0x5642e2333340_0, 0, 3;
    %jmp T_4.14;
T_4.10 ;
    %load/vec4 v0x5642e2333730_0;
    %dup/vec4;
    %pushi/vec4 0, 0, 7;
    %cmp/u;
    %jmp/1 T_4.15, 6;
    %dup/vec4;
    %pushi/vec4 32, 0, 7;
    %cmp/u;
    %jmp/1 T_4.16, 6;
    %dup/vec4;
    %pushi/vec4 1, 0, 7;
    %cmp/u;
    %jmp/1 T_4.17, 6;
    %pushi/vec4 0, 0, 3;
    %store/vec4 v0x5642e2333340_0, 0, 3;
    %jmp T_4.19;
T_4.15 ;
    %pushi/vec4 0, 0, 3;
    %store/vec4 v0x5642e2333340_0, 0, 3;
    %jmp T_4.19;
T_4.16 ;
    %pushi/vec4 1, 0, 3;
    %store/vec4 v0x5642e2333340_0, 0, 3;
    %jmp T_4.19;
T_4.17 ;
    %pushi/vec4 7, 0, 3;
    %store/vec4 v0x5642e2333340_0, 0, 3;
    %jmp T_4.19;
T_4.19 ;
    %pop/vec4 1;
    %jmp T_4.14;
T_4.11 ;
    %pushi/vec4 2, 0, 3;
    %store/vec4 v0x5642e2333340_0, 0, 3;
    %jmp T_4.14;
T_4.12 ;
    %load/vec4 v0x5642e2333730_0;
    %dup/vec4;
    %pushi/vec4 0, 0, 7;
    %cmp/u;
    %jmp/1 T_4.20, 6;
    %dup/vec4;
    %pushi/vec4 1, 0, 7;
    %cmp/u;
    %jmp/1 T_4.21, 6;
    %pushi/vec4 0, 0, 3;
    %store/vec4 v0x5642e2333340_0, 0, 3;
    %jmp T_4.23;
T_4.20 ;
    %pushi/vec4 3, 0, 3;
    %store/vec4 v0x5642e2333340_0, 0, 3;
    %jmp T_4.23;
T_4.21 ;
    %pushi/vec4 0, 0, 3;
    %store/vec4 v0x5642e2333340_0, 0, 3;
    %jmp T_4.23;
T_4.23 ;
    %pop/vec4 1;
    %jmp T_4.14;
T_4.14 ;
    %pop/vec4 1;
    %pushi/vec4 0, 0, 1;
    %store/vec4 v0x5642e2333990_0, 0, 1;
    %pushi/vec4 0, 0, 1;
    %store/vec4 v0x5642e23334b0_0, 0, 1;
    %pushi/vec4 1, 0, 1;
    %store/vec4 v0x5642e2333b30_0, 0, 1;
    %jmp T_4.9;
T_4.1 ;
    %vpi_call 2 694 "$display", "Load" {0 0 0};
    %pushi/vec4 0, 0, 2;
    %store/vec4 v0x5642e2333570_0, 0, 2;
    %pushi/vec4 1, 0, 1;
    %store/vec4 v0x5642e2333810_0, 0, 1;
    %pushi/vec4 1, 0, 1;
    %store/vec4 v0x5642e23338d0_0, 0, 1;
    %pushi/vec4 0, 0, 3;
    %store/vec4 v0x5642e2333340_0, 0, 3;
    %pushi/vec4 0, 0, 1;
    %store/vec4 v0x5642e2333990_0, 0, 1;
    %pushi/vec4 1, 0, 1;
    %store/vec4 v0x5642e23334b0_0, 0, 1;
    %pushi/vec4 1, 0, 1;
    %store/vec4 v0x5642e2333b30_0, 0, 1;
    %jmp T_4.9;
T_4.2 ;
    %vpi_call 2 706 "$display", "Store" {0 0 0};
    %pushi/vec4 0, 0, 2;
    %store/vec4 v0x5642e2333570_0, 0, 2;
    %pushi/vec4 1, 0, 1;
    %store/vec4 v0x5642e2333810_0, 0, 1;
    %pushi/vec4 0, 0, 1;
    %store/vec4 v0x5642e23338d0_0, 0, 1;
    %pushi/vec4 0, 0, 3;
    %store/vec4 v0x5642e2333340_0, 0, 3;
    %pushi/vec4 1, 0, 1;
    %store/vec4 v0x5642e2333990_0, 0, 1;
    %pushi/vec4 1, 0, 1;
    %store/vec4 v0x5642e23334b0_0, 0, 1;
    %pushi/vec4 0, 0, 1;
    %store/vec4 v0x5642e2333b30_0, 0, 1;
    %jmp T_4.9;
T_4.3 ;
    %vpi_call 2 718 "$display", "Branch" {0 0 0};
    %pushi/vec4 1, 0, 2;
    %store/vec4 v0x5642e2333570_0, 0, 2;
    %pushi/vec4 0, 0, 1;
    %store/vec4 v0x5642e2333810_0, 0, 1;
    %pushi/vec4 0, 0, 1;
    %store/vec4 v0x5642e23338d0_0, 0, 1;
    %pushi/vec4 7, 0, 3;
    %store/vec4 v0x5642e2333340_0, 0, 3;
    %pushi/vec4 0, 0, 1;
    %store/vec4 v0x5642e2333990_0, 0, 1;
    %pushi/vec4 0, 0, 1;
    %store/vec4 v0x5642e23334b0_0, 0, 1;
    %pushi/vec4 0, 0, 1;
    %store/vec4 v0x5642e2333b30_0, 0, 1;
    %jmp T_4.9;
T_4.4 ;
    %vpi_call 2 730 "$display", "Immediate instructions" {0 0 0};
    %pushi/vec4 0, 0, 2;
    %store/vec4 v0x5642e2333570_0, 0, 2;
    %pushi/vec4 0, 0, 1;
    %store/vec4 v0x5642e2333810_0, 0, 1;
    %pushi/vec4 0, 0, 1;
    %store/vec4 v0x5642e23338d0_0, 0, 1;
    %load/vec4 v0x5642e2333650_0;
    %dup/vec4;
    %pushi/vec4 0, 0, 3;
    %cmp/u;
    %jmp/1 T_4.24, 6;
    %dup/vec4;
    %pushi/vec4 1, 0, 3;
    %cmp/u;
    %jmp/1 T_4.25, 6;
    %dup/vec4;
    %pushi/vec4 2, 0, 3;
    %cmp/u;
    %jmp/1 T_4.26, 6;
    %dup/vec4;
    %pushi/vec4 5, 0, 3;
    %cmp/u;
    %jmp/1 T_4.27, 6;
    %pushi/vec4 0, 0, 3;
    %store/vec4 v0x5642e2333340_0, 0, 3;
    %jmp T_4.29;
T_4.24 ;
    %pushi/vec4 0, 0, 3;
    %store/vec4 v0x5642e2333340_0, 0, 3;
    %jmp T_4.29;
T_4.25 ;
    %pushi/vec4 4, 0, 3;
    %store/vec4 v0x5642e2333340_0, 0, 3;
    %jmp T_4.29;
T_4.26 ;
    %pushi/vec4 5, 0, 3;
    %store/vec4 v0x5642e2333340_0, 0, 3;
    %jmp T_4.29;
T_4.27 ;
    %pushi/vec4 6, 0, 3;
    %store/vec4 v0x5642e2333340_0, 0, 3;
    %jmp T_4.29;
T_4.29 ;
    %pop/vec4 1;
    %pushi/vec4 0, 0, 1;
    %store/vec4 v0x5642e2333990_0, 0, 1;
    %pushi/vec4 1, 0, 1;
    %store/vec4 v0x5642e23334b0_0, 0, 1;
    %pushi/vec4 1, 0, 1;
    %store/vec4 v0x5642e2333b30_0, 0, 1;
    %jmp T_4.9;
T_4.5 ;
    %vpi_call 2 748 "$display", "Jump instructions" {0 0 0};
    %load/vec4 v0x5642e2333650_0;
    %dup/vec4;
    %pushi/vec4 0, 0, 3;
    %cmp/u;
    %jmp/1 T_4.30, 6;
    %pushi/vec4 2, 0, 2;
    %store/vec4 v0x5642e2333570_0, 0, 2;
    %jmp T_4.32;
T_4.30 ;
    %pushi/vec4 3, 0, 2;
    %store/vec4 v0x5642e2333570_0, 0, 2;
    %jmp T_4.32;
T_4.32 ;
    %pop/vec4 1;
    %pushi/vec4 0, 0, 1;
    %store/vec4 v0x5642e2333810_0, 0, 1;
    %pushi/vec4 0, 0, 1;
    %store/vec4 v0x5642e23338d0_0, 0, 1;
    %pushi/vec4 0, 0, 3;
    %store/vec4 v0x5642e2333340_0, 0, 3;
    %pushi/vec4 0, 0, 1;
    %store/vec4 v0x5642e2333990_0, 0, 1;
    %pushi/vec4 0, 0, 1;
    %store/vec4 v0x5642e23334b0_0, 0, 1;
    %pushi/vec4 1, 0, 1;
    %store/vec4 v0x5642e2333b30_0, 0, 1;
    %jmp T_4.9;
T_4.6 ;
    %vpi_call 2 767 "$display", "Ecall" {0 0 0};
    %pushi/vec4 0, 0, 2;
    %store/vec4 v0x5642e2333570_0, 0, 2;
    %pushi/vec4 0, 0, 1;
    %store/vec4 v0x5642e2333810_0, 0, 1;
    %pushi/vec4 0, 0, 1;
    %store/vec4 v0x5642e23338d0_0, 0, 1;
    %pushi/vec4 0, 0, 3;
    %store/vec4 v0x5642e2333340_0, 0, 3;
    %pushi/vec4 0, 0, 1;
    %store/vec4 v0x5642e2333990_0, 0, 1;
    %pushi/vec4 0, 0, 1;
    %store/vec4 v0x5642e23334b0_0, 0, 1;
    %pushi/vec4 0, 0, 1;
    %store/vec4 v0x5642e2333b30_0, 0, 1;
    %jmp T_4.9;
T_4.7 ;
    %vpi_call 2 777 "$display", "Aupic" {0 0 0};
    %pushi/vec4 2, 0, 2;
    %store/vec4 v0x5642e2333570_0, 0, 2;
    %pushi/vec4 0, 0, 1;
    %store/vec4 v0x5642e2333810_0, 0, 1;
    %pushi/vec4 0, 0, 1;
    %store/vec4 v0x5642e23338d0_0, 0, 1;
    %pushi/vec4 0, 0, 3;
    %store/vec4 v0x5642e2333340_0, 0, 3;
    %pushi/vec4 0, 0, 1;
    %store/vec4 v0x5642e2333990_0, 0, 1;
    %pushi/vec4 0, 0, 1;
    %store/vec4 v0x5642e23334b0_0, 0, 1;
    %pushi/vec4 1, 0, 1;
    %store/vec4 v0x5642e2333b30_0, 0, 1;
    %jmp T_4.9;
T_4.9 ;
    %pop/vec4 1;
    %jmp T_4;
    .thread T_4, $push;
    .scope S_0x5642e2317ba0;
T_5 ;
    %wait E_0x5642e2318820;
    %jmp T_5;
    .thread T_5;
    .scope S_0x5642e2317ba0;
T_6 ;
    %wait E_0x5642e23187e0;
    %pushi/vec4 1, 0, 1;
    %store/vec4 v0x5642e2337ea0_0, 0, 1;
    %load/vec4 v0x5642e2337100_0;
    %cmpi/u 65660, 0, 32;
    %flag_or 5, 4;
    %jmp/0xz  T_6.0, 5;
    %vpi_call 2 260 "$display", "==" {0 0 0};
    %vpi_call 2 261 "$display", "%b", &PV<v0x5642e23368d0_0, 0, 7> {0 0 0};
    %vpi_call 2 262 "$display", "rs1 %d:", v0x5642e2337a80_0 {0 0 0};
    %vpi_call 2 263 "$display", "rs1 %d:", v0x5642e2337b60_0 {0 0 0};
T_6.0 ;
    %load/vec4 v0x5642e23368d0_0;
    %dup/vec4;
    %pushi/vec4 115, 0, 32;
    %cmp/u;
    %jmp/1 T_6.2, 6;
    %pushi/vec4 0, 0, 1;
    %store/vec4 v0x5642e2336040_0, 0, 1;
    %jmp T_6.4;
T_6.2 ;
    %pushi/vec4 1, 0, 1;
    %store/vec4 v0x5642e2336040_0, 0, 1;
    %jmp T_6.4;
T_6.4 ;
    %pop/vec4 1;
    %load/vec4 v0x5642e23359b0_0;
    %dup/vec4;
    %pushi/vec4 0, 0, 2;
    %cmp/u;
    %jmp/1 T_6.5, 6;
    %dup/vec4;
    %pushi/vec4 1, 0, 2;
    %cmp/u;
    %jmp/1 T_6.6, 6;
    %dup/vec4;
    %pushi/vec4 2, 0, 2;
    %cmp/u;
    %jmp/1 T_6.7, 6;
    %dup/vec4;
    %pushi/vec4 3, 0, 2;
    %cmp/u;
    %jmp/1 T_6.8, 6;
    %load/vec4 v0x5642e2335d40_0;
    %addi 4, 0, 32;
    %store/vec4 v0x5642e2336ce0_0, 0, 32;
    %jmp T_6.10;
T_6.5 ;
    %vpi_call 2 277 "$display", "no branch" {0 0 0};
    %load/vec4 v0x5642e2335d40_0;
    %addi 4, 0, 32;
    %store/vec4 v0x5642e2336ce0_0, 0, 32;
    %jmp T_6.10;
T_6.6 ;
    %load/vec4 v0x5642e2336dc0_0;
    %dup/vec4;
    %pushi/vec4 0, 0, 32;
    %cmp/u;
    %jmp/1 T_6.11, 6;
    %load/vec4 v0x5642e2335d40_0;
    %addi 4, 0, 32;
    %store/vec4 v0x5642e2336ce0_0, 0, 32;
    %jmp T_6.13;
T_6.11 ;
    %vpi_call 2 284 "$display", "branch" {0 0 0};
    %load/vec4 v0x5642e2335d40_0;
    %load/vec4 v0x5642e23368d0_0;
    %parti/s 1, 31, 6;
    %load/vec4 v0x5642e23368d0_0;
    %parti/s 1, 7, 4;
    %concat/vec4; draw_concat_vec4
    %load/vec4 v0x5642e23368d0_0;
    %parti/s 6, 25, 6;
    %concat/vec4; draw_concat_vec4
    %load/vec4 v0x5642e23368d0_0;
    %parti/s 4, 8, 5;
    %concat/vec4; draw_concat_vec4
    %pad/u 32;
    %ix/load 4, 1, 0;
    %flag_set/imm 4, 0;
    %shiftl 4;
    %add;
    %store/vec4 v0x5642e2336ce0_0, 0, 32;
    %jmp T_6.13;
T_6.13 ;
    %pop/vec4 1;
    %jmp T_6.10;
T_6.7 ;
    %load/vec4 v0x5642e2337420_0;
    %dup/vec4;
    %pushi/vec4 23, 0, 7;
    %cmp/u;
    %jmp/1 T_6.14, 6;
    %dup/vec4;
    %pushi/vec4 111, 0, 7;
    %cmp/u;
    %jmp/1 T_6.15, 6;
    %jmp T_6.16;
T_6.14 ;
    %vpi_call 2 296 "$display", "aupic" {0 0 0};
    %load/vec4 v0x5642e2335d40_0;
    %load/vec4 v0x5642e2336c00_0;
    %pad/u 32;
    %add;
    %pad/u 5;
    %store/vec4 v0x5642e23379a0_0, 0, 5;
    %load/vec4 v0x5642e2335d40_0;
    %addi 4, 0, 32;
    %store/vec4 v0x5642e2336ce0_0, 0, 32;
    %jmp T_6.16;
T_6.15 ;
    %vpi_call 2 301 "$display", "jal" {0 0 0};
    %load/vec4 v0x5642e2335d40_0;
    %addi 4, 0, 32;
    %pad/u 5;
    %store/vec4 v0x5642e23379a0_0, 0, 5;
    %load/vec4 v0x5642e2337a80_0;
    %pad/u 32;
    %load/vec4 v0x5642e2336c00_0;
    %pad/u 32;
    %add;
    %store/vec4 v0x5642e2336ce0_0, 0, 32;
    %jmp T_6.16;
T_6.16 ;
    %pop/vec4 1;
    %jmp T_6.10;
T_6.8 ;
    %load/vec4 v0x5642e2335d40_0;
    %addi 4, 0, 32;
    %pad/u 5;
    %store/vec4 v0x5642e23379a0_0, 0, 5;
    %load/vec4 v0x5642e2335d40_0;
    %load/vec4 v0x5642e2336c00_0;
    %pad/u 32;
    %add;
    %store/vec4 v0x5642e2336ce0_0, 0, 32;
    %jmp T_6.10;
T_6.10 ;
    %pop/vec4 1;
    %jmp T_6;
    .thread T_6, $push;
    .scope S_0x5642e2317ba0;
T_7 ;
    %wait E_0x5642e2289b70;
    %load/vec4 v0x5642e23368d0_0;
    %parti/s 7, 0, 2;
    %dup/vec4;
    %pushi/vec4 51, 0, 7;
    %cmp/u;
    %jmp/1 T_7.0, 6;
    %dup/vec4;
    %pushi/vec4 103, 0, 7;
    %cmp/u;
    %jmp/1 T_7.1, 6;
    %dup/vec4;
    %pushi/vec4 19, 0, 7;
    %cmp/u;
    %jmp/1 T_7.2, 6;
    %dup/vec4;
    %pushi/vec4 3, 0, 7;
    %cmp/u;
    %jmp/1 T_7.3, 6;
    %dup/vec4;
    %pushi/vec4 115, 0, 7;
    %cmp/u;
    %jmp/1 T_7.4, 6;
    %dup/vec4;
    %pushi/vec4 35, 0, 7;
    %cmp/u;
    %jmp/1 T_7.5, 6;
    %dup/vec4;
    %pushi/vec4 99, 0, 7;
    %cmp/u;
    %jmp/1 T_7.6, 6;
    %dup/vec4;
    %pushi/vec4 23, 0, 7;
    %cmp/u;
    %jmp/1 T_7.7, 6;
    %dup/vec4;
    %pushi/vec4 111, 0, 7;
    %cmp/u;
    %jmp/1 T_7.8, 6;
    %load/vec4 v0x5642e2337a80_0;
    %store/vec4 v0x5642e2337a80_0, 0, 5;
    %load/vec4 v0x5642e2337b60_0;
    %store/vec4 v0x5642e2337b60_0, 0, 5;
    %load/vec4 v0x5642e23379a0_0;
    %store/vec4 v0x5642e23379a0_0, 0, 5;
    %load/vec4 v0x5642e2336c00_0;
    %store/vec4 v0x5642e2336c00_0, 0, 20;
    %jmp T_7.10;
T_7.0 ;
    %vpi_call 2 321 "$display", "R-type" {0 0 0};
    %load/vec4 v0x5642e23368d0_0;
    %parti/s 5, 15, 5;
    %store/vec4 v0x5642e2337a80_0, 0, 5;
    %load/vec4 v0x5642e23368d0_0;
    %parti/s 5, 20, 6;
    %store/vec4 v0x5642e2337b60_0, 0, 5;
    %load/vec4 v0x5642e23368d0_0;
    %parti/s 5, 7, 4;
    %store/vec4 v0x5642e23379a0_0, 0, 5;
    %pushi/vec4 0, 0, 20;
    %store/vec4 v0x5642e2336c00_0, 0, 20;
    %jmp T_7.10;
T_7.1 ;
    %vpi_call 2 329 "$display", "I-type" {0 0 0};
    %load/vec4 v0x5642e23368d0_0;
    %parti/s 5, 15, 5;
    %store/vec4 v0x5642e2337a80_0, 0, 5;
    %pushi/vec4 0, 0, 5;
    %store/vec4 v0x5642e2337b60_0, 0, 5;
    %load/vec4 v0x5642e23368d0_0;
    %parti/s 5, 7, 4;
    %store/vec4 v0x5642e23379a0_0, 0, 5;
    %load/vec4 v0x5642e23368d0_0;
    %parti/s 12, 20, 6;
    %pad/u 20;
    %store/vec4 v0x5642e2336c00_0, 0, 20;
    %jmp T_7.10;
T_7.2 ;
    %vpi_call 2 337 "$display", "I-type (addi...)" {0 0 0};
    %load/vec4 v0x5642e23368d0_0;
    %parti/s 5, 15, 5;
    %store/vec4 v0x5642e2337a80_0, 0, 5;
    %pushi/vec4 0, 0, 5;
    %store/vec4 v0x5642e2337b60_0, 0, 5;
    %load/vec4 v0x5642e23368d0_0;
    %parti/s 5, 7, 4;
    %store/vec4 v0x5642e23379a0_0, 0, 5;
    %load/vec4 v0x5642e23368d0_0;
    %parti/s 12, 20, 6;
    %pad/u 20;
    %store/vec4 v0x5642e2336c00_0, 0, 20;
    %jmp T_7.10;
T_7.3 ;
    %vpi_call 2 345 "$display", "I-type (lw)" {0 0 0};
    %load/vec4 v0x5642e23368d0_0;
    %parti/s 5, 15, 5;
    %store/vec4 v0x5642e2337a80_0, 0, 5;
    %pushi/vec4 0, 0, 5;
    %store/vec4 v0x5642e2337b60_0, 0, 5;
    %load/vec4 v0x5642e23368d0_0;
    %parti/s 5, 7, 4;
    %store/vec4 v0x5642e23379a0_0, 0, 5;
    %load/vec4 v0x5642e23368d0_0;
    %parti/s 12, 20, 6;
    %pad/u 20;
    %store/vec4 v0x5642e2336c00_0, 0, 20;
    %jmp T_7.10;
T_7.4 ;
    %vpi_call 2 353 "$display", "I-type (Ecall)" {0 0 0};
    %load/vec4 v0x5642e23368d0_0;
    %parti/s 5, 15, 5;
    %store/vec4 v0x5642e2337a80_0, 0, 5;
    %pushi/vec4 0, 0, 5;
    %store/vec4 v0x5642e2337b60_0, 0, 5;
    %load/vec4 v0x5642e23368d0_0;
    %parti/s 5, 7, 4;
    %store/vec4 v0x5642e23379a0_0, 0, 5;
    %pushi/vec4 0, 0, 20;
    %store/vec4 v0x5642e2336c00_0, 0, 20;
    %jmp T_7.10;
T_7.5 ;
    %vpi_call 2 361 "$display", "S-type" {0 0 0};
    %load/vec4 v0x5642e23368d0_0;
    %parti/s 5, 15, 5;
    %store/vec4 v0x5642e2337a80_0, 0, 5;
    %load/vec4 v0x5642e23368d0_0;
    %parti/s 5, 20, 6;
    %store/vec4 v0x5642e2337b60_0, 0, 5;
    %pushi/vec4 0, 0, 5;
    %store/vec4 v0x5642e23379a0_0, 0, 5;
    %load/vec4 v0x5642e23368d0_0;
    %parti/s 7, 25, 6;
    %load/vec4 v0x5642e23368d0_0;
    %parti/s 5, 7, 4;
    %concat/vec4; draw_concat_vec4
    %pad/u 20;
    %store/vec4 v0x5642e2336c00_0, 0, 20;
    %jmp T_7.10;
T_7.6 ;
    %vpi_call 2 369 "$display", "SB-type" {0 0 0};
    %load/vec4 v0x5642e23368d0_0;
    %parti/s 5, 15, 5;
    %store/vec4 v0x5642e2337a80_0, 0, 5;
    %load/vec4 v0x5642e23368d0_0;
    %parti/s 5, 20, 6;
    %store/vec4 v0x5642e2337b60_0, 0, 5;
    %pushi/vec4 0, 0, 5;
    %store/vec4 v0x5642e23379a0_0, 0, 5;
    %load/vec4 v0x5642e23368d0_0;
    %parti/s 1, 31, 6;
    %load/vec4 v0x5642e23368d0_0;
    %parti/s 1, 7, 4;
    %concat/vec4; draw_concat_vec4
    %load/vec4 v0x5642e23368d0_0;
    %parti/s 6, 25, 6;
    %concat/vec4; draw_concat_vec4
    %load/vec4 v0x5642e23368d0_0;
    %parti/s 4, 8, 5;
    %concat/vec4; draw_concat_vec4
    %pad/u 20;
    %ix/load 4, 2, 0;
    %flag_set/imm 4, 0;
    %shiftl 4;
    %store/vec4 v0x5642e2336c00_0, 0, 20;
    %jmp T_7.10;
T_7.7 ;
    %vpi_call 2 377 "$display", "U-type" {0 0 0};
    %pushi/vec4 0, 0, 5;
    %store/vec4 v0x5642e2337a80_0, 0, 5;
    %pushi/vec4 0, 0, 5;
    %store/vec4 v0x5642e2337b60_0, 0, 5;
    %load/vec4 v0x5642e23368d0_0;
    %parti/s 5, 7, 4;
    %store/vec4 v0x5642e23379a0_0, 0, 5;
    %load/vec4 v0x5642e23368d0_0;
    %parti/s 20, 12, 5;
    %ix/load 4, 12, 0;
    %flag_set/imm 4, 0;
    %shiftl 4;
    %store/vec4 v0x5642e2336c00_0, 0, 20;
    %jmp T_7.10;
T_7.8 ;
    %vpi_call 2 385 "$display", "UJ-type" {0 0 0};
    %pushi/vec4 0, 0, 5;
    %store/vec4 v0x5642e2337a80_0, 0, 5;
    %pushi/vec4 0, 0, 5;
    %store/vec4 v0x5642e2337b60_0, 0, 5;
    %load/vec4 v0x5642e23368d0_0;
    %parti/s 5, 7, 4;
    %store/vec4 v0x5642e23379a0_0, 0, 5;
    %load/vec4 v0x5642e23368d0_0;
    %parti/s 1, 31, 6;
    %load/vec4 v0x5642e23368d0_0;
    %parti/s 8, 12, 5;
    %concat/vec4; draw_concat_vec4
    %load/vec4 v0x5642e23368d0_0;
    %parti/s 10, 21, 6;
    %concat/vec4; draw_concat_vec4
    %load/vec4 v0x5642e23368d0_0;
    %parti/s 1, 20, 6;
    %concat/vec4; draw_concat_vec4
    %store/vec4 v0x5642e2336c00_0, 0, 20;
    %jmp T_7.10;
T_7.10 ;
    %pop/vec4 1;
    %jmp T_7;
    .thread T_7, $push;
    .scope S_0x5642e2317ba0;
T_8 ;
    %wait E_0x5642e22d0660;
    %load/vec4 v0x5642e2337660_0;
    %store/vec4 v0x5642e2337800_0, 0, 32;
    %load/vec4 v0x5642e2337730_0;
    %store/vec4 v0x5642e23378c0_0, 0, 32;
    %jmp T_8;
    .thread T_8, $push;
    .scope S_0x5642e2317ba0;
T_9 ;
    %wait E_0x5642e22cf5c0;
    %load/vec4 v0x5642e23358f0_0;
    %dup/vec4;
    %pushi/vec4 0, 0, 1;
    %cmp/u;
    %jmp/1 T_9.0, 6;
    %dup/vec4;
    %pushi/vec4 1, 0, 1;
    %cmp/u;
    %jmp/1 T_9.1, 6;
    %jmp T_9.2;
T_9.0 ;
    %load/vec4 v0x5642e23378c0_0;
    %store/vec4 v0x5642e2336670_0, 0, 32;
    %jmp T_9.2;
T_9.1 ;
    %load/vec4 v0x5642e2336c00_0;
    %pad/u 32;
    %store/vec4 v0x5642e2336670_0, 0, 32;
    %jmp T_9.2;
T_9.2 ;
    %pop/vec4 1;
    %jmp T_9;
    .thread T_9, $push;
    .scope S_0x5642e2317ba0;
T_10 ;
    %wait E_0x5642e22cf370;
    %load/vec4 v0x5642e2335c70_0;
    %dup/vec4;
    %pushi/vec4 0, 0, 1;
    %cmp/u;
    %jmp/1 T_10.0, 6;
    %dup/vec4;
    %pushi/vec4 1, 0, 1;
    %cmp/u;
    %jmp/1 T_10.1, 6;
    %jmp T_10.2;
T_10.0 ;
    %load/vec4 v0x5642e2336dc0_0;
    %store/vec4 v0x5642e2336670_0, 0, 32;
    %jmp T_10.2;
T_10.1 ;
    %load/vec4 v0x5642e2336730_0;
    %store/vec4 v0x5642e2336670_0, 0, 32;
    %jmp T_10.2;
T_10.2 ;
    %pop/vec4 1;
    %jmp T_10;
    .thread T_10, $push;
    .scope S_0x5642e2317ba0;
T_11 ;
    %wait E_0x5642e2317810;
    %load/vec4 v0x5642e2336b10_0;
    %nor/r;
    %flag_set/vec4 8;
    %jmp/0xz  T_11.0, 8;
    %pushi/vec4 65536, 0, 32;
    %assign/vec4 v0x5642e2335d40_0, 0;
    %pushi/vec4 0, 0, 1;
    %assign/vec4 v0x5642e2337e00_0, 0;
    %jmp T_11.1;
T_11.0 ;
    %load/vec4 v0x5642e2336ce0_0;
    %assign/vec4 v0x5642e2335d40_0, 0;
    %load/vec4 v0x5642e2337ea0_0;
    %assign/vec4 v0x5642e2337e00_0, 0;
T_11.1 ;
    %jmp T_11;
    .thread T_11;
# The file index is used to find the file name in the following table.
:file_names 3;
    "N/A";
    "<interactive>";
    "CHIP.v";
