#! /usr/bin/vvp
:ivl_version "11.0 (stable)";
:ivl_delay_selection "TYPICAL";
:vpi_time_precision + 0;
:vpi_module "/usr/lib/x86_64-linux-gnu/ivl/system.vpi";
:vpi_module "/usr/lib/x86_64-linux-gnu/ivl/vhdl_sys.vpi";
:vpi_module "/usr/lib/x86_64-linux-gnu/ivl/vhdl_textio.vpi";
:vpi_module "/usr/lib/x86_64-linux-gnu/ivl/v2005_math.vpi";
:vpi_module "/usr/lib/x86_64-linux-gnu/ivl/va_math.vpi";
S_0x5595be14bd80 .scope module, "CHIP" "CHIP" 2 2;
 .timescale 0 0;
    .port_info 0 /INPUT 1 "i_clk";
    .port_info 1 /INPUT 1 "i_rst_n";
    .port_info 2 /INPUT 32 "i_IMEM_data";
    .port_info 3 /OUTPUT 32 "o_IMEM_addr";
    .port_info 4 /OUTPUT 1 "o_IMEM_cen";
    .port_info 5 /INPUT 1 "i_DMEM_stall";
    .port_info 6 /INPUT 32 "i_DMEM_rdata";
    .port_info 7 /OUTPUT 1 "o_DMEM_cen";
    .port_info 8 /OUTPUT 1 "o_DMEM_wen";
    .port_info 9 /OUTPUT 32 "o_DMEM_addr";
    .port_info 10 /OUTPUT 32 "o_DMEM_wdata";
    .port_info 11 /OUTPUT 1 "o_finish";
    .port_info 12 /INPUT 1 "i_cache_finish";
    .port_info 13 /OUTPUT 1 "o_proc_finish";
P_0x5595be14d480 .param/l "BIT_W" 0 2 3, +C4<00000000000000000000000000100000>;
P_0x5595be14d4c0 .param/l "addf3" 0 2 62, C4<000>;
P_0x5595be14d500 .param/l "addf7" 0 2 84, C4<0000000>;
P_0x5595be14d540 .param/l "addif3" 0 2 67, C4<000>;
P_0x5595be14d580 .param/l "addiop" 0 2 42, C4<0010011>;
P_0x5595be14d5c0 .param/l "addop" 0 2 37, C4<0110011>;
P_0x5595be14d600 .param/l "andf3" 0 2 64, C4<111>;
P_0x5595be14d640 .param/l "andf7" 0 2 86, C4<0000000>;
P_0x5595be14d680 .param/l "andop" 0 2 39, C4<0110011>;
P_0x5595be14d6c0 .param/l "aupicop" 0 2 33, C4<0010111>;
P_0x5595be14d700 .param/l "beqf3" 0 2 76, C4<000>;
P_0x5595be14d740 .param/l "beqop" 0 2 52, C4<1100011>;
P_0x5595be14d780 .param/l "bgef3" 0 2 77, C4<101>;
P_0x5595be14d7c0 .param/l "bgeop" 0 2 53, C4<1100011>;
P_0x5595be14d800 .param/l "bltf3" 0 2 78, C4<100>;
P_0x5595be14d840 .param/l "bltop" 0 2 54, C4<1100011>;
P_0x5595be14d880 .param/l "bnef3" 0 2 79, C4<001>;
P_0x5595be14d8c0 .param/l "bneop" 0 2 55, C4<1100011>;
P_0x5595be14d900 .param/l "divop" 0 2 50, C4<0110011>;
P_0x5595be14d940 .param/l "ecallf3" 0 2 81, C4<000>;
P_0x5595be14d980 .param/l "ecallimm" 0 2 95, C4<000000000000>;
P_0x5595be14d9c0 .param/l "ecallop" 0 2 57, C4<1110011>;
P_0x5595be14da00 .param/l "jalop" 0 2 34, C4<1101111>;
P_0x5595be14da40 .param/l "jalrf3" 0 2 60, C4<000>;
P_0x5595be14da80 .param/l "jalrop" 0 2 35, C4<0110111>;
P_0x5595be14dac0 .param/l "lwf3" 0 2 72, C4<010>;
P_0x5595be14db00 .param/l "lwop" 0 2 47, C4<0000011>;
P_0x5595be14db40 .param/l "mulf3" 0 2 74, C4<000>;
P_0x5595be14db80 .param/l "mulf7" 0 2 92, C4<0000001>;
P_0x5595be14dbc0 .param/l "mulop" 0 2 49, C4<0110011>;
P_0x5595be14dc00 .param/l "sllif3" 0 2 68, C4<001>;
P_0x5595be14dc40 .param/l "sllif7" 0 2 89, C4<0000000>;
P_0x5595be14dc80 .param/l "slliop" 0 2 43, C4<0010011>;
P_0x5595be14dcc0 .param/l "slti" 0 2 44, C4<0010011>;
P_0x5595be14dd00 .param/l "sltif3" 0 2 69, C4<010>;
P_0x5595be14dd40 .param/l "srai" 0 2 45, C4<0010011>;
P_0x5595be14dd80 .param/l "sraif3" 0 2 70, C4<101>;
P_0x5595be14ddc0 .param/l "sraif7" 0 2 90, C4<0100000>;
P_0x5595be14de00 .param/l "subf3" 0 2 63, C4<000>;
P_0x5595be14de40 .param/l "subf7" 0 2 85, C4<0100000>;
P_0x5595be14de80 .param/l "subop" 0 2 38, C4<0110011>;
P_0x5595be14dec0 .param/l "swf3" 0 2 73, C4<010>;
P_0x5595be14df00 .param/l "swop" 0 2 48, C4<0100011>;
P_0x5595be14df40 .param/l "xorf3" 0 2 65, C4<100>;
P_0x5595be14df80 .param/l "xorf7" 0 2 87, C4<0000000>;
P_0x5595be14dfc0 .param/l "xorop" 0 2 40, C4<0110011>;
L_0x5595be14aa90 .functor BUFZ 1, v0x5595be16be80_0, C4<0>, C4<0>, C4<0>;
L_0x5595be16d6c0 .functor BUFZ 32, v0x5595be169dc0_0, C4<00000000000000000000000000000000>, C4<00000000000000000000000000000000>, C4<00000000000000000000000000000000>;
L_0x5595be16d790 .functor BUFZ 1, v0x5595be16a0c0_0, C4<0>, C4<0>, C4<0>;
L_0x5595be16d9c0 .functor BUFZ 5, v0x5595be16ba20_0, C4<00000>, C4<00000>, C4<00000>;
L_0x5595be16dac0 .functor BUFZ 32, v0x5595be16c0d0_0, C4<00000000000000000000000000000000>, C4<00000000000000000000000000000000>, C4<00000000000000000000000000000000>;
L_0x5595be16db80 .functor BUFZ 7, v0x5595be16b4a0_0, C4<0000000>, C4<0000000>, C4<0000000>;
L_0x5595be16dc90 .functor BUFZ 3, v0x5595be16a160_0, C4<000>, C4<000>, C4<000>;
L_0x5595be16dd50 .functor BUFZ 7, v0x5595be16a2d0_0, C4<0000000>, C4<0000000>, C4<0000000>;
L_0x5595be16de70 .functor BUFZ 32, v0x5595be16b880_0, C4<00000000000000000000000000000000>, C4<00000000000000000000000000000000>, C4<00000000000000000000000000000000>;
L_0x5595be16dee0 .functor BUFZ 32, v0x5595be16a6f0_0, C4<00000000000000000000000000000000>, C4<00000000000000000000000000000000>, C4<00000000000000000000000000000000>;
L_0x5595be16e010 .functor BUFZ 1, v0x5595be167890_0, C4<0>, C4<0>, C4<0>;
L_0x5595be16e0d0 .functor BUFZ 1, v0x5595be167a10_0, C4<0>, C4<0>, C4<0>;
v0x5595be169890_0 .net "ALUOp", 3 0, L_0x5595be16eba0;  1 drivers
v0x5595be169970_0 .net "ALUSrc", 0 0, L_0x5595be16ed60;  1 drivers
v0x5595be169a30_0 .net "Branch", 1 0, L_0x5595be16e9b0;  1 drivers
v0x5595be169b30_0 .net "MemRnW", 0 0, v0x5595be167890_0;  1 drivers
v0x5595be169c00_0 .net "MemWrite", 0 0, v0x5595be167a10_0;  1 drivers
v0x5595be169cf0_0 .net "MemtoReg", 0 0, L_0x5595be16eae0;  1 drivers
v0x5595be169dc0_0 .var "PC", 31 0;
v0x5595be169e60_0 .net "RegWrite", 0 0, L_0x5595be16ee20;  1 drivers
L_0x7fbc7f4fd0a8 .functor BUFT 1, C4<1>, C4<0>, C4<0>, C4<0>;
v0x5595be169f50_0 .net "ali", 0 0, L_0x7fbc7f4fd0a8;  1 drivers
v0x5595be169ff0_0 .net "alo", 0 0, L_0x5595be16e800;  1 drivers
v0x5595be16a0c0_0 .var "ecallreg", 0 0;
v0x5595be16a160_0 .var "func3", 2 0;
v0x5595be16a200_0 .net "func3_w", 2 0, L_0x5595be16dc90;  1 drivers
v0x5595be16a2d0_0 .var "func7", 6 0;
v0x5595be16a370_0 .net "func7_w", 6 0, L_0x5595be16dd50;  1 drivers
v0x5595be16a440_0 .net "i_A_wire", 31 0, L_0x5595be16de70;  1 drivers
v0x5595be16a510_0 .net "i_B_wire", 31 0, L_0x5595be16dee0;  1 drivers
v0x5595be16a6f0_0 .var "i_Breg", 31 0;
o0x7fbc7f547428 .functor BUFZ 32, C4<zzzzzzzzzzzzzzzzzzzzzzzzzzzzzzzz>; HiZ drive
v0x5595be16a7b0_0 .net "i_DMEM_rdata", 31 0, o0x7fbc7f547428;  0 drivers
o0x7fbc7f547458 .functor BUFZ 1, C4<z>; HiZ drive
v0x5595be16a890_0 .net "i_DMEM_stall", 0 0, o0x7fbc7f547458;  0 drivers
o0x7fbc7f547488 .functor BUFZ 32, C4<zzzzzzzzzzzzzzzzzzzzzzzzzzzzzzzz>; HiZ drive
v0x5595be16a950_0 .net "i_IMEM_data", 31 0, o0x7fbc7f547488;  0 drivers
o0x7fbc7f5474b8 .functor BUFZ 1, C4<z>; HiZ drive
v0x5595be16aa30_0 .net "i_cache_finish", 0 0, o0x7fbc7f5474b8;  0 drivers
o0x7fbc7f546168 .functor BUFZ 1, C4<z>; HiZ drive
v0x5595be16aaf0_0 .net "i_clk", 0 0, o0x7fbc7f546168;  0 drivers
o0x7fbc7f546198 .functor BUFZ 1, C4<z>; HiZ drive
v0x5595be16ab90_0 .net "i_rst_n", 0 0, o0x7fbc7f546198;  0 drivers
v0x5595be16ac80_0 .var "immediate", 19 0;
v0x5595be16ad60_0 .var "next_PC", 31 0;
v0x5595be16ae40_0 .net "o_DMEM_addr", 31 0, L_0x5595be16e8c0;  1 drivers
v0x5595be16af20_0 .net "o_DMEM_cen", 0 0, L_0x5595be16e010;  1 drivers
o0x7fbc7f5475a8 .functor BUFZ 32, C4<zzzzzzzzzzzzzzzzzzzzzzzzzzzzzzzz>; HiZ drive
v0x5595be16afe0_0 .net "o_DMEM_wdata", 31 0, o0x7fbc7f5475a8;  0 drivers
v0x5595be16b0c0_0 .net "o_DMEM_wen", 0 0, L_0x5595be16e0d0;  1 drivers
v0x5595be16b180_0 .net "o_IMEM_addr", 31 0, L_0x5595be16d6c0;  1 drivers
v0x5595be16b260_0 .net "o_IMEM_cen", 0 0, L_0x5595be14aa90;  1 drivers
v0x5595be16b320_0 .net "o_finish", 0 0, L_0x5595be16d790;  1 drivers
o0x7fbc7f547698 .functor BUFZ 1, C4<z>; HiZ drive
v0x5595be16b3e0_0 .net "o_proc_finish", 0 0, o0x7fbc7f547698;  0 drivers
v0x5595be16b4a0_0 .var "opcode", 6 0;
v0x5595be16b580_0 .net "opcode_w", 6 0, L_0x5595be16db80;  1 drivers
v0x5595be16b640_0 .net "rd", 4 0, L_0x5595be16d9c0;  1 drivers
v0x5595be16b6e0_0 .net "rdata1", 31 0, L_0x5595be16dfa0;  1 drivers
v0x5595be16b7b0_0 .net "rdata2", 31 0, L_0x5595be16e630;  1 drivers
v0x5595be16b880_0 .var "read_data_1", 31 0;
v0x5595be16b940_0 .var "read_data_2", 31 0;
v0x5595be16ba20_0 .var "register_destination", 4 0;
v0x5595be16bb00_0 .var "register_source_1", 4 0;
v0x5595be16bbe0_0 .var "register_source_2", 4 0;
v0x5595be16bcc0_0 .net "rs1", 4 0, v0x5595be16bb00_0;  1 drivers
v0x5595be16bdb0_0 .net "rs2", 4 0, v0x5595be16bbe0_0;  1 drivers
v0x5595be16be80_0 .var "state", 0 0;
v0x5595be16bf20_0 .var "state_nxt", 0 0;
v0x5595be16bfe0_0 .net "wdata", 31 0, L_0x5595be16dac0;  1 drivers
v0x5595be16c0d0_0 .var "write_data", 31 0;
E_0x5595be102c50 .event edge, v0x5595be167160_0, v0x5595be16ae40_0, v0x5595be16a7b0_0;
E_0x5595be102ea0 .event edge, v0x5595be166e30_0, v0x5595be16b940_0, v0x5595be16ac80_0;
E_0x5595be103f40 .event edge, v0x5595be169150_0, v0x5595be169230_0;
E_0x5595be0bcb70/0 .event edge, v0x5595be16a950_0, v0x5595be16bb00_0, v0x5595be16bbe0_0, v0x5595be16ba20_0;
E_0x5595be0bcb70/1 .event edge, v0x5595be16ac80_0;
E_0x5595be0bcb70 .event/or E_0x5595be0bcb70/0, E_0x5595be0bcb70/1;
E_0x5595be14c9c0/0 .event edge, v0x5595be16b180_0, v0x5595be16a950_0, v0x5595be16b4a0_0, v0x5595be16bb00_0;
E_0x5595be14c9c0/1 .event edge, v0x5595be16bbe0_0, v0x5595be16ba20_0, v0x5595be16ac80_0, v0x5595be166ed0_0;
E_0x5595be14c9c0/2 .event edge, v0x5595be169dc0_0, v0x5595be16ae40_0;
E_0x5595be14c9c0 .event/or E_0x5595be14c9c0/0, E_0x5595be14c9c0/1, E_0x5595be14c9c0/2;
E_0x5595be14ca00 .event "_ivl_30";
L_0x5595be16e8c0 .part v0x5595be166970_0, 0, 32;
S_0x5595be0d0140 .scope module, "alu0" "ALU" 2 196, 2 485 0, S_0x5595be14bd80;
 .timescale 0 0;
    .port_info 0 /INPUT 1 "i_clk";
    .port_info 1 /INPUT 1 "i_rst_n";
    .port_info 2 /INPUT 1 "i_valid";
    .port_info 3 /INPUT 32 "i_A";
    .port_info 4 /INPUT 32 "i_B";
    .port_info 5 /INPUT 4 "ALUOp";
    .port_info 6 /OUTPUT 64 "o_data";
    .port_info 7 /OUTPUT 1 "o_done";
P_0x5595be102ee0 .param/l "BIT_W" 0 2 486, +C4<00000000000000000000000000100000>;
L_0x5595be16e800 .functor BUFZ 1, v0x5595be120760_0, C4<0>, C4<0>, C4<0>;
v0x5595be0d47d0_0 .net "ALUOp", 3 0, L_0x5595be16eba0;  alias, 1 drivers
v0x5595be0d63f0_0 .var "aluop", 3 0;
v0x5595be120760_0 .var "done", 0 0;
v0x5595be1208f0_0 .net "i_A", 31 0, L_0x5595be16de70;  alias, 1 drivers
v0x5595be14abb0_0 .net "i_B", 31 0, L_0x5595be16dee0;  alias, 1 drivers
v0x5595be14ac50_0 .var "i_a", 31 0;
v0x5595be1249f0_0 .var "i_b", 31 0;
v0x5595be166500_0 .net "i_clk", 0 0, o0x7fbc7f546168;  alias, 0 drivers
v0x5595be1665c0_0 .net "i_rst_n", 0 0, o0x7fbc7f546198;  alias, 0 drivers
v0x5595be166710_0 .net "i_valid", 0 0, L_0x7fbc7f4fd0a8;  alias, 1 drivers
v0x5595be1667d0_0 .net "o_data", 63 0, v0x5595be166970_0;  1 drivers
v0x5595be1668b0_0 .net "o_done", 0 0, L_0x5595be16e800;  alias, 1 drivers
v0x5595be166970_0 .var "op", 63 0;
E_0x5595be14a800 .event edge, v0x5595be0d47d0_0, v0x5595be14ac50_0, v0x5595be1249f0_0;
E_0x5595be14b320/0 .event edge, v0x5595be166710_0, v0x5595be1208f0_0, v0x5595be14abb0_0, v0x5595be0d47d0_0;
E_0x5595be14b320/1 .event edge, v0x5595be14ac50_0, v0x5595be1249f0_0, v0x5595be0d63f0_0;
E_0x5595be14b320 .event/or E_0x5595be14b320/0, E_0x5595be14b320/1;
S_0x5595be0d0490 .scope module, "cu0" "ControlUnit" 2 216, 2 631 0, S_0x5595be14bd80;
 .timescale 0 0;
    .port_info 0 /INPUT 7 "opcode";
    .port_info 1 /INPUT 3 "func3";
    .port_info 2 /INPUT 7 "func7";
    .port_info 3 /OUTPUT 2 "Branch";
    .port_info 4 /OUTPUT 1 "MemRnW";
    .port_info 5 /OUTPUT 1 "MemtoReg";
    .port_info 6 /OUTPUT 4 "ALUOp";
    .port_info 7 /OUTPUT 1 "MemWrite";
    .port_info 8 /OUTPUT 1 "ALUSrc";
    .port_info 9 /OUTPUT 1 "RegWrite";
P_0x5595be166b70 .param/l "aupicop" 0 2 655, C4<0010111>;
L_0x5595be16e9b0 .functor BUFZ 2, v0x5595be1675f0_0, C4<00>, C4<00>, C4<00>;
L_0x5595be16eae0 .functor BUFZ 1, v0x5595be167950_0, C4<0>, C4<0>, C4<0>;
L_0x5595be16ed60 .functor BUFZ 1, v0x5595be167530_0, C4<0>, C4<0>, C4<0>;
L_0x5595be16ee20 .functor BUFZ 1, v0x5595be167bb0_0, C4<0>, C4<0>, C4<0>;
v0x5595be166d50_0 .net "ALUOp", 3 0, L_0x5595be16eba0;  alias, 1 drivers
v0x5595be166e30_0 .net "ALUSrc", 0 0, L_0x5595be16ed60;  alias, 1 drivers
v0x5595be166ed0_0 .net "Branch", 1 0, L_0x5595be16e9b0;  alias, 1 drivers
v0x5595be166f90_0 .net "MemRnW", 0 0, v0x5595be167890_0;  alias, 1 drivers
v0x5595be167050_0 .net "MemWrite", 0 0, v0x5595be167a10_0;  alias, 1 drivers
v0x5595be167160_0 .net "MemtoReg", 0 0, L_0x5595be16eae0;  alias, 1 drivers
v0x5595be167220_0 .net "RegWrite", 0 0, L_0x5595be16ee20;  alias, 1 drivers
L_0x7fbc7f4fd0f0 .functor BUFT 1, C4<0>, C4<0>, C4<0>, C4<0>;
v0x5595be1672e0_0 .net *"_ivl_9", 0 0, L_0x7fbc7f4fd0f0;  1 drivers
v0x5595be1673c0_0 .var "aluop", 2 0;
v0x5595be167530_0 .var "alusrc", 0 0;
v0x5595be1675f0_0 .var "branch", 1 0;
v0x5595be1676d0_0 .net "func3", 2 0, L_0x5595be16dc90;  alias, 1 drivers
v0x5595be1677b0_0 .net "func7", 6 0, L_0x5595be16dd50;  alias, 1 drivers
v0x5595be167890_0 .var "memrnw", 0 0;
v0x5595be167950_0 .var "memtoreg", 0 0;
v0x5595be167a10_0 .var "memwrite", 0 0;
v0x5595be167ad0_0 .net "opcode", 6 0, L_0x5595be16db80;  alias, 1 drivers
v0x5595be167bb0_0 .var "regwrite", 0 0;
E_0x5595be14a6c0 .event edge, v0x5595be167ad0_0, v0x5595be1676d0_0, v0x5595be1677b0_0;
L_0x5595be16eba0 .concat [ 3 1 0 0], v0x5595be1673c0_0, L_0x7fbc7f4fd0f0;
S_0x5595be0d07e0 .scope module, "reg0" "Reg_file" 2 185, 2 441 0, S_0x5595be14bd80;
 .timescale 0 0;
    .port_info 0 /INPUT 1 "i_clk";
    .port_info 1 /INPUT 1 "i_rst_n";
    .port_info 2 /INPUT 1 "wen";
    .port_info 3 /INPUT 5 "rs1";
    .port_info 4 /INPUT 5 "rs2";
    .port_info 5 /INPUT 5 "rd";
    .port_info 6 /INPUT 32 "wdata";
    .port_info 7 /OUTPUT 32 "rdata1";
    .port_info 8 /OUTPUT 32 "rdata2";
P_0x5595be167e10 .param/l "BITS" 0 2 443, +C4<00000000000000000000000000100000>;
P_0x5595be167e50 .param/l "addr_width" 0 2 445, +C4<00000000000000000000000000000101>;
P_0x5595be167e90 .param/l "word_depth" 0 2 444, +C4<00000000000000000000000000100000>;
L_0x5595be16dfa0 .functor BUFZ 32, L_0x5595be0d7be0, C4<00000000000000000000000000000000>, C4<00000000000000000000000000000000>, C4<00000000000000000000000000000000>;
L_0x5595be16e630 .functor BUFZ 32, L_0x5595be16e420, C4<00000000000000000000000000000000>, C4<00000000000000000000000000000000>, C4<00000000000000000000000000000000>;
v0x5595be168240_0 .net *"_ivl_0", 31 0, L_0x5595be0d7be0;  1 drivers
v0x5595be168340_0 .net *"_ivl_10", 6 0, L_0x5595be16e4c0;  1 drivers
L_0x7fbc7f4fd060 .functor BUFT 1, C4<00>, C4<0>, C4<0>, C4<0>;
v0x5595be168420_0 .net *"_ivl_13", 1 0, L_0x7fbc7f4fd060;  1 drivers
v0x5595be1684e0_0 .net *"_ivl_2", 6 0, L_0x5595be16e240;  1 drivers
L_0x7fbc7f4fd018 .functor BUFT 1, C4<00>, C4<0>, C4<0>, C4<0>;
v0x5595be1685c0_0 .net *"_ivl_5", 1 0, L_0x7fbc7f4fd018;  1 drivers
v0x5595be1686f0_0 .net *"_ivl_8", 31 0, L_0x5595be16e420;  1 drivers
v0x5595be1687d0_0 .var/i "i", 31 0;
v0x5595be1688b0_0 .net "i_clk", 0 0, o0x7fbc7f546168;  alias, 0 drivers
v0x5595be168950_0 .net "i_rst_n", 0 0, o0x7fbc7f546198;  alias, 0 drivers
v0x5595be168a20 .array "mem", 31 0, 31 0;
v0x5595be168fb0 .array "mem_nxt", 31 0, 31 0;
v0x5595be169070_0 .net "rd", 4 0, L_0x5595be16d9c0;  alias, 1 drivers
v0x5595be169150_0 .net "rdata1", 31 0, L_0x5595be16dfa0;  alias, 1 drivers
v0x5595be169230_0 .net "rdata2", 31 0, L_0x5595be16e630;  alias, 1 drivers
v0x5595be169310_0 .net "rs1", 4 0, v0x5595be16bb00_0;  alias, 1 drivers
v0x5595be1693f0_0 .net "rs2", 4 0, v0x5595be16bbe0_0;  alias, 1 drivers
v0x5595be1694d0_0 .net "wdata", 31 0, L_0x5595be16dac0;  alias, 1 drivers
v0x5595be1696c0_0 .net "wen", 0 0, L_0x5595be16ee20;  alias, 1 drivers
E_0x5595be14b9f0/0 .event negedge, v0x5595be1665c0_0;
E_0x5595be14b9f0/1 .event posedge, v0x5595be166500_0;
E_0x5595be14b9f0 .event/or E_0x5595be14b9f0/0, E_0x5595be14b9f0/1;
v0x5595be168a20_0 .array/port v0x5595be168a20, 0;
E_0x5595be0e0880/0 .event edge, v0x5595be167220_0, v0x5595be169070_0, v0x5595be1694d0_0, v0x5595be168a20_0;
v0x5595be168a20_1 .array/port v0x5595be168a20, 1;
v0x5595be168a20_2 .array/port v0x5595be168a20, 2;
v0x5595be168a20_3 .array/port v0x5595be168a20, 3;
v0x5595be168a20_4 .array/port v0x5595be168a20, 4;
E_0x5595be0e0880/1 .event edge, v0x5595be168a20_1, v0x5595be168a20_2, v0x5595be168a20_3, v0x5595be168a20_4;
v0x5595be168a20_5 .array/port v0x5595be168a20, 5;
v0x5595be168a20_6 .array/port v0x5595be168a20, 6;
v0x5595be168a20_7 .array/port v0x5595be168a20, 7;
v0x5595be168a20_8 .array/port v0x5595be168a20, 8;
E_0x5595be0e0880/2 .event edge, v0x5595be168a20_5, v0x5595be168a20_6, v0x5595be168a20_7, v0x5595be168a20_8;
v0x5595be168a20_9 .array/port v0x5595be168a20, 9;
v0x5595be168a20_10 .array/port v0x5595be168a20, 10;
v0x5595be168a20_11 .array/port v0x5595be168a20, 11;
v0x5595be168a20_12 .array/port v0x5595be168a20, 12;
E_0x5595be0e0880/3 .event edge, v0x5595be168a20_9, v0x5595be168a20_10, v0x5595be168a20_11, v0x5595be168a20_12;
v0x5595be168a20_13 .array/port v0x5595be168a20, 13;
v0x5595be168a20_14 .array/port v0x5595be168a20, 14;
v0x5595be168a20_15 .array/port v0x5595be168a20, 15;
v0x5595be168a20_16 .array/port v0x5595be168a20, 16;
E_0x5595be0e0880/4 .event edge, v0x5595be168a20_13, v0x5595be168a20_14, v0x5595be168a20_15, v0x5595be168a20_16;
v0x5595be168a20_17 .array/port v0x5595be168a20, 17;
v0x5595be168a20_18 .array/port v0x5595be168a20, 18;
v0x5595be168a20_19 .array/port v0x5595be168a20, 19;
v0x5595be168a20_20 .array/port v0x5595be168a20, 20;
E_0x5595be0e0880/5 .event edge, v0x5595be168a20_17, v0x5595be168a20_18, v0x5595be168a20_19, v0x5595be168a20_20;
v0x5595be168a20_21 .array/port v0x5595be168a20, 21;
v0x5595be168a20_22 .array/port v0x5595be168a20, 22;
v0x5595be168a20_23 .array/port v0x5595be168a20, 23;
v0x5595be168a20_24 .array/port v0x5595be168a20, 24;
E_0x5595be0e0880/6 .event edge, v0x5595be168a20_21, v0x5595be168a20_22, v0x5595be168a20_23, v0x5595be168a20_24;
v0x5595be168a20_25 .array/port v0x5595be168a20, 25;
v0x5595be168a20_26 .array/port v0x5595be168a20, 26;
v0x5595be168a20_27 .array/port v0x5595be168a20, 27;
v0x5595be168a20_28 .array/port v0x5595be168a20, 28;
E_0x5595be0e0880/7 .event edge, v0x5595be168a20_25, v0x5595be168a20_26, v0x5595be168a20_27, v0x5595be168a20_28;
v0x5595be168a20_29 .array/port v0x5595be168a20, 29;
v0x5595be168a20_30 .array/port v0x5595be168a20, 30;
v0x5595be168a20_31 .array/port v0x5595be168a20, 31;
E_0x5595be0e0880/8 .event edge, v0x5595be168a20_29, v0x5595be168a20_30, v0x5595be168a20_31;
E_0x5595be0e0880 .event/or E_0x5595be0e0880/0, E_0x5595be0e0880/1, E_0x5595be0e0880/2, E_0x5595be0e0880/3, E_0x5595be0e0880/4, E_0x5595be0e0880/5, E_0x5595be0e0880/6, E_0x5595be0e0880/7, E_0x5595be0e0880/8;
L_0x5595be0d7be0 .array/port v0x5595be168a20, L_0x5595be16e240;
L_0x5595be16e240 .concat [ 5 2 0 0], v0x5595be16bb00_0, L_0x7fbc7f4fd018;
L_0x5595be16e420 .array/port v0x5595be168a20, L_0x5595be16e4c0;
L_0x5595be16e4c0 .concat [ 5 2 0 0], v0x5595be16bbe0_0, L_0x7fbc7f4fd060;
S_0x5595be14b830 .scope module, "Cache" "Cache" 2 796;
 .timescale 0 0;
    .port_info 0 /INPUT 1 "i_clk";
    .port_info 1 /INPUT 1 "i_rst_n";
    .port_info 2 /INPUT 1 "i_proc_cen";
    .port_info 3 /INPUT 1 "i_proc_wen";
    .port_info 4 /INPUT 32 "i_proc_addr";
    .port_info 5 /INPUT 32 "i_proc_wdata";
    .port_info 6 /OUTPUT 32 "o_proc_rdata";
    .port_info 7 /OUTPUT 1 "o_proc_stall";
    .port_info 8 /INPUT 1 "i_proc_finish";
    .port_info 9 /OUTPUT 1 "o_cache_finish";
    .port_info 10 /OUTPUT 1 "o_mem_cen";
    .port_info 11 /OUTPUT 1 "o_mem_wen";
    .port_info 12 /OUTPUT 32 "o_mem_addr";
    .port_info 13 /OUTPUT 128 "o_mem_wdata";
    .port_info 14 /INPUT 128 "i_mem_rdata";
    .port_info 15 /INPUT 1 "i_mem_stall";
    .port_info 16 /OUTPUT 1 "o_cache_available";
    .port_info 17 /INPUT 32 "i_offset";
P_0x5595be14c5b0 .param/l "ADDR_W" 0 2 798, +C4<00000000000000000000000000100000>;
P_0x5595be14c5f0 .param/l "BIT_W" 0 2 797, +C4<00000000000000000000000000100000>;
o0x7fbc7f547c38 .functor BUFZ 1, C4<z>; HiZ drive
L_0x5595be16ef50 .functor BUFZ 1, o0x7fbc7f547c38, C4<0>, C4<0>, C4<0>;
o0x7fbc7f547cc8 .functor BUFZ 1, C4<z>; HiZ drive
L_0x5595be16eff0 .functor BUFZ 1, o0x7fbc7f547cc8, C4<0>, C4<0>, C4<0>;
o0x7fbc7f547c08 .functor BUFZ 32, C4<zzzzzzzzzzzzzzzzzzzzzzzzzzzzzzzz>; HiZ drive
L_0x5595be16f0c0 .functor BUFZ 32, o0x7fbc7f547c08, C4<00000000000000000000000000000000>, C4<00000000000000000000000000000000>, C4<00000000000000000000000000000000>;
o0x7fbc7f547ba8 .functor BUFZ 1, C4<z>; HiZ drive
L_0x5595be17f460 .functor BUFZ 1, o0x7fbc7f547ba8, C4<0>, C4<0>, C4<0>;
L_0x7fbc7f4fd180 .functor BUFT 1, C4<000000000000000000000000000000000000000000000000000000000000000000000000000000000000000000000000>, C4<0>, C4<0>, C4<0>;
v0x5595be16c3d0_0 .net *"_ivl_11", 95 0, L_0x7fbc7f4fd180;  1 drivers
o0x7fbc7f547b48 .functor BUFZ 1, C4<z>; HiZ drive
v0x5595be16c4d0_0 .net "i_clk", 0 0, o0x7fbc7f547b48;  0 drivers
o0x7fbc7f547b78 .functor BUFZ 128, C4<zzzzzzzzzzzzzzzzzzzzzzzzzzzzzzzzzzzzzzzzzzzzzzzzzzzzzzzzzzzzzzzzzzzzzzzzzzzzzzzzzzzzzzzzzzzzzzzzzzzzzzzzzzzzzzzzzzzzzzzzzzzzzzzz>; HiZ drive
v0x5595be16c590_0 .net "i_mem_rdata", 127 0, o0x7fbc7f547b78;  0 drivers
v0x5595be16c680_0 .net "i_mem_stall", 0 0, o0x7fbc7f547ba8;  0 drivers
o0x7fbc7f547bd8 .functor BUFZ 32, C4<zzzzzzzzzzzzzzzzzzzzzzzzzzzzzzzz>; HiZ drive
v0x5595be16c740_0 .net "i_offset", 31 0, o0x7fbc7f547bd8;  0 drivers
v0x5595be16c870_0 .net "i_proc_addr", 31 0, o0x7fbc7f547c08;  0 drivers
v0x5595be16c950_0 .net "i_proc_cen", 0 0, o0x7fbc7f547c38;  0 drivers
o0x7fbc7f547c68 .functor BUFZ 1, C4<z>; HiZ drive
v0x5595be16ca10_0 .net "i_proc_finish", 0 0, o0x7fbc7f547c68;  0 drivers
o0x7fbc7f547c98 .functor BUFZ 32, C4<zzzzzzzzzzzzzzzzzzzzzzzzzzzzzzzz>; HiZ drive
v0x5595be16cad0_0 .net "i_proc_wdata", 31 0, o0x7fbc7f547c98;  0 drivers
v0x5595be16cbb0_0 .net "i_proc_wen", 0 0, o0x7fbc7f547cc8;  0 drivers
o0x7fbc7f547cf8 .functor BUFZ 1, C4<z>; HiZ drive
v0x5595be16cc70_0 .net "i_rst_n", 0 0, o0x7fbc7f547cf8;  0 drivers
L_0x7fbc7f4fd138 .functor BUFT 1, C4<0>, C4<0>, C4<0>, C4<0>;
v0x5595be16cd30_0 .net "o_cache_available", 0 0, L_0x7fbc7f4fd138;  1 drivers
o0x7fbc7f547d58 .functor BUFZ 1, C4<z>; HiZ drive
v0x5595be16cdf0_0 .net "o_cache_finish", 0 0, o0x7fbc7f547d58;  0 drivers
v0x5595be16ceb0_0 .net "o_mem_addr", 31 0, L_0x5595be16f0c0;  1 drivers
v0x5595be16cf90_0 .net "o_mem_cen", 0 0, L_0x5595be16ef50;  1 drivers
v0x5595be16d050_0 .net "o_mem_wdata", 127 0, L_0x5595be16f190;  1 drivers
v0x5595be16d130_0 .net "o_mem_wen", 0 0, L_0x5595be16eff0;  1 drivers
v0x5595be16d1f0_0 .net "o_proc_rdata", 31 0, L_0x5595be17f390;  1 drivers
v0x5595be16d2d0_0 .net "o_proc_stall", 0 0, L_0x5595be17f460;  1 drivers
L_0x5595be16f190 .concat [ 32 96 0 0], o0x7fbc7f547c98, L_0x7fbc7f4fd180;
L_0x5595be17f390 .part o0x7fbc7f547b78, 0, 32;
    .scope S_0x5595be0d07e0;
T_0 ;
    %wait E_0x5595be0e0880;
    %pushi/vec4 0, 0, 32;
    %store/vec4 v0x5595be1687d0_0, 0, 32;
T_0.0 ;
    %load/vec4 v0x5595be1687d0_0;
    %cmpi/s 32, 0, 32;
    %jmp/0xz T_0.1, 5;
    %load/vec4 v0x5595be1696c0_0;
    %load/vec4 v0x5595be169070_0;
    %pad/u 32;
    %load/vec4 v0x5595be1687d0_0;
    %cmp/e;
    %flag_get/vec4 4;
    %and;
    %flag_set/vec4 8;
    %jmp/0 T_0.2, 8;
    %load/vec4 v0x5595be1694d0_0;
    %jmp/1 T_0.3, 8;
T_0.2 ; End of true expr.
    %ix/getv/s 4, v0x5595be1687d0_0;
    %load/vec4a v0x5595be168a20, 4;
    %jmp/0 T_0.3, 8;
 ; End of false expr.
    %blend;
T_0.3;
    %ix/getv/s 4, v0x5595be1687d0_0;
    %store/vec4a v0x5595be168fb0, 4, 0;
    %load/vec4 v0x5595be1687d0_0;
    %addi 1, 0, 32;
    %store/vec4 v0x5595be1687d0_0, 0, 32;
    %jmp T_0.0;
T_0.1 ;
    %jmp T_0;
    .thread T_0, $push;
    .scope S_0x5595be0d07e0;
T_1 ;
    %wait E_0x5595be14b9f0;
    %load/vec4 v0x5595be168950_0;
    %nor/r;
    %flag_set/vec4 8;
    %jmp/0xz  T_1.0, 8;
    %pushi/vec4 0, 0, 32;
    %ix/load 3, 0, 0;
    %flag_set/imm 4, 0;
    %ix/load 4, 0, 0; Constant delay
    %assign/vec4/a/d v0x5595be168a20, 0, 4;
    %pushi/vec4 1, 0, 32;
    %store/vec4 v0x5595be1687d0_0, 0, 32;
T_1.2 ;
    %load/vec4 v0x5595be1687d0_0;
    %cmpi/s 32, 0, 32;
    %jmp/0xz T_1.3, 5;
    %load/vec4 v0x5595be1687d0_0;
    %dup/vec4;
    %pushi/vec4 2, 0, 32;
    %cmp/u;
    %jmp/1 T_1.4, 6;
    %dup/vec4;
    %pushi/vec4 3, 0, 32;
    %cmp/u;
    %jmp/1 T_1.5, 6;
    %pushi/vec4 0, 0, 32;
    %ix/getv/s 3, v0x5595be1687d0_0;
    %ix/load 4, 0, 0; Constant delay
    %assign/vec4/a/d v0x5595be168a20, 0, 4;
    %jmp T_1.7;
T_1.4 ;
    %pushi/vec4 3221225456, 0, 32;
    %ix/getv/s 3, v0x5595be1687d0_0;
    %ix/load 4, 0, 0; Constant delay
    %assign/vec4/a/d v0x5595be168a20, 0, 4;
    %jmp T_1.7;
T_1.5 ;
    %pushi/vec4 268468224, 0, 32;
    %ix/getv/s 3, v0x5595be1687d0_0;
    %ix/load 4, 0, 0; Constant delay
    %assign/vec4/a/d v0x5595be168a20, 0, 4;
    %jmp T_1.7;
T_1.7 ;
    %pop/vec4 1;
    %load/vec4 v0x5595be1687d0_0;
    %addi 1, 0, 32;
    %store/vec4 v0x5595be1687d0_0, 0, 32;
    %jmp T_1.2;
T_1.3 ;
    %jmp T_1.1;
T_1.0 ;
    %pushi/vec4 0, 0, 32;
    %ix/load 3, 0, 0;
    %flag_set/imm 4, 0;
    %ix/load 4, 0, 0; Constant delay
    %assign/vec4/a/d v0x5595be168a20, 0, 4;
    %pushi/vec4 1, 0, 32;
    %store/vec4 v0x5595be1687d0_0, 0, 32;
T_1.8 ;
    %load/vec4 v0x5595be1687d0_0;
    %cmpi/s 32, 0, 32;
    %jmp/0xz T_1.9, 5;
    %ix/getv/s 4, v0x5595be1687d0_0;
    %load/vec4a v0x5595be168fb0, 4;
    %ix/getv/s 3, v0x5595be1687d0_0;
    %ix/load 4, 0, 0; Constant delay
    %assign/vec4/a/d v0x5595be168a20, 0, 4;
    %load/vec4 v0x5595be1687d0_0;
    %addi 1, 0, 32;
    %store/vec4 v0x5595be1687d0_0, 0, 32;
    %jmp T_1.8;
T_1.9 ;
T_1.1 ;
    %jmp T_1;
    .thread T_1;
    .scope S_0x5595be0d0140;
T_2 ;
    %wait E_0x5595be14b320;
    %load/vec4 v0x5595be166710_0;
    %flag_set/vec4 8;
    %jmp/0xz  T_2.0, 8;
    %load/vec4 v0x5595be1208f0_0;
    %store/vec4 v0x5595be14ac50_0, 0, 32;
    %load/vec4 v0x5595be14abb0_0;
    %store/vec4 v0x5595be1249f0_0, 0, 32;
    %load/vec4 v0x5595be0d47d0_0;
    %store/vec4 v0x5595be0d63f0_0, 0, 4;
    %jmp T_2.1;
T_2.0 ;
    %load/vec4 v0x5595be14ac50_0;
    %store/vec4 v0x5595be14ac50_0, 0, 32;
    %load/vec4 v0x5595be1249f0_0;
    %store/vec4 v0x5595be1249f0_0, 0, 32;
    %load/vec4 v0x5595be0d63f0_0;
    %store/vec4 v0x5595be0d63f0_0, 0, 4;
T_2.1 ;
    %jmp T_2;
    .thread T_2, $push;
    .scope S_0x5595be0d0140;
T_3 ;
    %wait E_0x5595be14a800;
    %load/vec4 v0x5595be0d47d0_0;
    %dup/vec4;
    %pushi/vec4 0, 0, 4;
    %cmp/u;
    %jmp/1 T_3.0, 6;
    %dup/vec4;
    %pushi/vec4 1, 0, 4;
    %cmp/u;
    %jmp/1 T_3.1, 6;
    %dup/vec4;
    %pushi/vec4 2, 0, 4;
    %cmp/u;
    %jmp/1 T_3.2, 6;
    %dup/vec4;
    %pushi/vec4 3, 0, 4;
    %cmp/u;
    %jmp/1 T_3.3, 6;
    %dup/vec4;
    %pushi/vec4 4, 0, 4;
    %cmp/u;
    %jmp/1 T_3.4, 6;
    %dup/vec4;
    %pushi/vec4 5, 0, 4;
    %cmp/u;
    %jmp/1 T_3.5, 6;
    %dup/vec4;
    %pushi/vec4 6, 0, 4;
    %cmp/u;
    %jmp/1 T_3.6, 6;
    %dup/vec4;
    %pushi/vec4 9, 0, 4;
    %cmp/u;
    %jmp/1 T_3.7, 6;
    %dup/vec4;
    %pushi/vec4 10, 0, 4;
    %cmp/u;
    %jmp/1 T_3.8, 6;
    %dup/vec4;
    %pushi/vec4 11, 0, 4;
    %cmp/u;
    %jmp/1 T_3.9, 6;
    %dup/vec4;
    %pushi/vec4 12, 0, 4;
    %cmp/u;
    %jmp/1 T_3.10, 6;
    %pushi/vec4 0, 0, 64;
    %store/vec4 v0x5595be166970_0, 0, 64;
    %pushi/vec4 0, 0, 1;
    %store/vec4 v0x5595be120760_0, 0, 1;
    %jmp T_3.12;
T_3.0 ;
    %vpi_call 2 526 "$display", "add:\011" {0 0 0};
    %load/vec4 v0x5595be14ac50_0;
    %pad/u 64;
    %load/vec4 v0x5595be1249f0_0;
    %pad/u 64;
    %add;
    %store/vec4 v0x5595be166970_0, 0, 64;
    %pushi/vec4 1, 0, 1;
    %store/vec4 v0x5595be120760_0, 0, 1;
    %jmp T_3.12;
T_3.1 ;
    %vpi_call 2 531 "$display", "sub:\011" {0 0 0};
    %load/vec4 v0x5595be14ac50_0;
    %pad/u 64;
    %load/vec4 v0x5595be1249f0_0;
    %pad/u 64;
    %sub;
    %store/vec4 v0x5595be166970_0, 0, 64;
    %pushi/vec4 1, 0, 1;
    %store/vec4 v0x5595be120760_0, 0, 1;
    %jmp T_3.12;
T_3.2 ;
    %vpi_call 2 536 "$display", "and:\011" {0 0 0};
    %load/vec4 v0x5595be14ac50_0;
    %pad/u 64;
    %load/vec4 v0x5595be1249f0_0;
    %pad/u 64;
    %and;
    %store/vec4 v0x5595be166970_0, 0, 64;
    %pushi/vec4 1, 0, 1;
    %store/vec4 v0x5595be120760_0, 0, 1;
    %jmp T_3.12;
T_3.3 ;
    %vpi_call 2 541 "$display", "xor:\011" {0 0 0};
    %load/vec4 v0x5595be14ac50_0;
    %pad/u 64;
    %load/vec4 v0x5595be1249f0_0;
    %pad/u 64;
    %xor;
    %store/vec4 v0x5595be166970_0, 0, 64;
    %pushi/vec4 1, 0, 1;
    %store/vec4 v0x5595be120760_0, 0, 1;
    %jmp T_3.12;
T_3.4 ;
    %vpi_call 2 546 "$display", "slli:\011" {0 0 0};
    %load/vec4 v0x5595be14ac50_0;
    %pad/u 64;
    %ix/getv 4, v0x5595be1249f0_0;
    %shiftl 4;
    %store/vec4 v0x5595be166970_0, 0, 64;
    %pushi/vec4 1, 0, 1;
    %store/vec4 v0x5595be120760_0, 0, 1;
    %jmp T_3.12;
T_3.5 ;
    %vpi_call 2 551 "$display", "slti:\011" {0 0 0};
    %load/vec4 v0x5595be14ac50_0;
    %load/vec4 v0x5595be1249f0_0;
    %cmp/s;
    %flag_mov 8, 5;
    %jmp/0 T_3.13, 8;
    %pushi/vec4 1, 0, 64;
    %jmp/1 T_3.14, 8;
T_3.13 ; End of true expr.
    %pushi/vec4 0, 0, 64;
    %jmp/0 T_3.14, 8;
 ; End of false expr.
    %blend;
T_3.14;
    %store/vec4 v0x5595be166970_0, 0, 64;
    %pushi/vec4 1, 0, 1;
    %store/vec4 v0x5595be120760_0, 0, 1;
    %jmp T_3.12;
T_3.6 ;
    %vpi_call 2 556 "$display", "srai:\011" {0 0 0};
    %load/vec4 v0x5595be14ac50_0;
    %pad/u 64;
    %ix/getv 4, v0x5595be1249f0_0;
    %shiftr 4;
    %store/vec4 v0x5595be166970_0, 0, 64;
    %pushi/vec4 1, 0, 1;
    %store/vec4 v0x5595be120760_0, 0, 1;
    %jmp T_3.12;
T_3.7 ;
    %vpi_call 2 561 "$display", "beq:\011" {0 0 0};
    %load/vec4 v0x5595be14ac50_0;
    %load/vec4 v0x5595be1249f0_0;
    %sub;
    %cmpi/e 0, 0, 32;
    %flag_mov 8, 4;
    %jmp/0 T_3.15, 8;
    %pushi/vec4 1, 0, 64;
    %jmp/1 T_3.16, 8;
T_3.15 ; End of true expr.
    %pushi/vec4 0, 0, 64;
    %jmp/0 T_3.16, 8;
 ; End of false expr.
    %blend;
T_3.16;
    %store/vec4 v0x5595be166970_0, 0, 64;
    %pushi/vec4 1, 0, 1;
    %store/vec4 v0x5595be120760_0, 0, 1;
    %jmp T_3.12;
T_3.8 ;
    %vpi_call 2 566 "$display", "bge:\011" {0 0 0};
    %load/vec4 v0x5595be14ac50_0;
    %load/vec4 v0x5595be1249f0_0;
    %sub;
    %cmpi/u 0, 0, 32;
    %flag_inv 5; GE is !LT
    %flag_mov 8, 5;
    %jmp/0 T_3.17, 8;
    %pushi/vec4 1, 0, 64;
    %jmp/1 T_3.18, 8;
T_3.17 ; End of true expr.
    %pushi/vec4 0, 0, 64;
    %jmp/0 T_3.18, 8;
 ; End of false expr.
    %blend;
T_3.18;
    %store/vec4 v0x5595be166970_0, 0, 64;
    %pushi/vec4 1, 0, 1;
    %store/vec4 v0x5595be120760_0, 0, 1;
    %jmp T_3.12;
T_3.9 ;
    %vpi_call 2 571 "$display", "blt:\011" {0 0 0};
    %load/vec4 v0x5595be14ac50_0;
    %load/vec4 v0x5595be1249f0_0;
    %sub;
    %cmpi/u 0, 0, 32;
    %flag_mov 8, 5;
    %jmp/0 T_3.19, 8;
    %pushi/vec4 1, 0, 64;
    %jmp/1 T_3.20, 8;
T_3.19 ; End of true expr.
    %pushi/vec4 0, 0, 64;
    %jmp/0 T_3.20, 8;
 ; End of false expr.
    %blend;
T_3.20;
    %store/vec4 v0x5595be166970_0, 0, 64;
    %pushi/vec4 1, 0, 1;
    %store/vec4 v0x5595be120760_0, 0, 1;
    %jmp T_3.12;
T_3.10 ;
    %vpi_call 2 576 "$display", "bne:\011" {0 0 0};
    %load/vec4 v0x5595be14ac50_0;
    %load/vec4 v0x5595be1249f0_0;
    %sub;
    %cmpi/ne 0, 0, 32;
    %flag_mov 8, 4;
    %jmp/0 T_3.21, 8;
    %pushi/vec4 1, 0, 64;
    %jmp/1 T_3.22, 8;
T_3.21 ; End of true expr.
    %pushi/vec4 0, 0, 64;
    %jmp/0 T_3.22, 8;
 ; End of false expr.
    %blend;
T_3.22;
    %store/vec4 v0x5595be166970_0, 0, 64;
    %pushi/vec4 1, 0, 1;
    %store/vec4 v0x5595be120760_0, 0, 1;
    %jmp T_3.12;
T_3.12 ;
    %pop/vec4 1;
    %jmp T_3;
    .thread T_3, $push;
    .scope S_0x5595be0d0490;
T_4 ;
    %wait E_0x5595be14a6c0;
    %load/vec4 v0x5595be167ad0_0;
    %dup/vec4;
    %pushi/vec4 51, 0, 7;
    %cmp/u;
    %jmp/1 T_4.0, 6;
    %dup/vec4;
    %pushi/vec4 3, 0, 7;
    %cmp/u;
    %jmp/1 T_4.1, 6;
    %dup/vec4;
    %pushi/vec4 35, 0, 7;
    %cmp/u;
    %jmp/1 T_4.2, 6;
    %dup/vec4;
    %pushi/vec4 99, 0, 7;
    %cmp/u;
    %jmp/1 T_4.3, 6;
    %dup/vec4;
    %pushi/vec4 19, 0, 7;
    %cmp/u;
    %jmp/1 T_4.4, 6;
    %dup/vec4;
    %pushi/vec4 111, 0, 7;
    %cmp/u;
    %jmp/1 T_4.5, 6;
    %dup/vec4;
    %pushi/vec4 115, 0, 7;
    %cmp/u;
    %jmp/1 T_4.6, 6;
    %dup/vec4;
    %pushi/vec4 23, 0, 7;
    %cmp/u;
    %jmp/1 T_4.7, 6;
    %pushi/vec4 0, 0, 2;
    %store/vec4 v0x5595be1675f0_0, 0, 2;
    %pushi/vec4 0, 0, 1;
    %store/vec4 v0x5595be167890_0, 0, 1;
    %pushi/vec4 0, 0, 1;
    %store/vec4 v0x5595be167950_0, 0, 1;
    %pushi/vec4 0, 0, 3;
    %store/vec4 v0x5595be1673c0_0, 0, 3;
    %pushi/vec4 0, 0, 1;
    %store/vec4 v0x5595be167a10_0, 0, 1;
    %pushi/vec4 0, 0, 1;
    %store/vec4 v0x5595be167530_0, 0, 1;
    %pushi/vec4 0, 0, 1;
    %store/vec4 v0x5595be167bb0_0, 0, 1;
    %jmp T_4.9;
T_4.0 ;
    %vpi_call 2 661 "$display", "R-type" {0 0 0};
    %pushi/vec4 0, 0, 2;
    %store/vec4 v0x5595be1675f0_0, 0, 2;
    %pushi/vec4 0, 0, 1;
    %store/vec4 v0x5595be167890_0, 0, 1;
    %pushi/vec4 0, 0, 1;
    %store/vec4 v0x5595be167950_0, 0, 1;
    %load/vec4 v0x5595be1676d0_0;
    %dup/vec4;
    %pushi/vec4 0, 0, 3;
    %cmp/u;
    %jmp/1 T_4.10, 6;
    %dup/vec4;
    %pushi/vec4 7, 0, 3;
    %cmp/u;
    %jmp/1 T_4.11, 6;
    %dup/vec4;
    %pushi/vec4 4, 0, 3;
    %cmp/u;
    %jmp/1 T_4.12, 6;
    %pushi/vec4 0, 0, 3;
    %store/vec4 v0x5595be1673c0_0, 0, 3;
    %jmp T_4.14;
T_4.10 ;
    %load/vec4 v0x5595be1677b0_0;
    %dup/vec4;
    %pushi/vec4 0, 0, 7;
    %cmp/u;
    %jmp/1 T_4.15, 6;
    %dup/vec4;
    %pushi/vec4 32, 0, 7;
    %cmp/u;
    %jmp/1 T_4.16, 6;
    %dup/vec4;
    %pushi/vec4 1, 0, 7;
    %cmp/u;
    %jmp/1 T_4.17, 6;
    %pushi/vec4 0, 0, 3;
    %store/vec4 v0x5595be1673c0_0, 0, 3;
    %jmp T_4.19;
T_4.15 ;
    %pushi/vec4 0, 0, 3;
    %store/vec4 v0x5595be1673c0_0, 0, 3;
    %jmp T_4.19;
T_4.16 ;
    %pushi/vec4 1, 0, 3;
    %store/vec4 v0x5595be1673c0_0, 0, 3;
    %jmp T_4.19;
T_4.17 ;
    %pushi/vec4 7, 0, 3;
    %store/vec4 v0x5595be1673c0_0, 0, 3;
    %jmp T_4.19;
T_4.19 ;
    %pop/vec4 1;
    %jmp T_4.14;
T_4.11 ;
    %pushi/vec4 2, 0, 3;
    %store/vec4 v0x5595be1673c0_0, 0, 3;
    %jmp T_4.14;
T_4.12 ;
    %load/vec4 v0x5595be1677b0_0;
    %dup/vec4;
    %pushi/vec4 0, 0, 7;
    %cmp/u;
    %jmp/1 T_4.20, 6;
    %dup/vec4;
    %pushi/vec4 1, 0, 7;
    %cmp/u;
    %jmp/1 T_4.21, 6;
    %pushi/vec4 0, 0, 3;
    %store/vec4 v0x5595be1673c0_0, 0, 3;
    %jmp T_4.23;
T_4.20 ;
    %pushi/vec4 3, 0, 3;
    %store/vec4 v0x5595be1673c0_0, 0, 3;
    %jmp T_4.23;
T_4.21 ;
    %pushi/vec4 0, 0, 3;
    %store/vec4 v0x5595be1673c0_0, 0, 3;
    %jmp T_4.23;
T_4.23 ;
    %pop/vec4 1;
    %jmp T_4.14;
T_4.14 ;
    %pop/vec4 1;
    %pushi/vec4 0, 0, 1;
    %store/vec4 v0x5595be167a10_0, 0, 1;
    %pushi/vec4 0, 0, 1;
    %store/vec4 v0x5595be167530_0, 0, 1;
    %pushi/vec4 1, 0, 1;
    %store/vec4 v0x5595be167bb0_0, 0, 1;
    %jmp T_4.9;
T_4.1 ;
    %vpi_call 2 691 "$display", "Load" {0 0 0};
    %pushi/vec4 0, 0, 2;
    %store/vec4 v0x5595be1675f0_0, 0, 2;
    %pushi/vec4 1, 0, 1;
    %store/vec4 v0x5595be167890_0, 0, 1;
    %pushi/vec4 1, 0, 1;
    %store/vec4 v0x5595be167950_0, 0, 1;
    %pushi/vec4 0, 0, 3;
    %store/vec4 v0x5595be1673c0_0, 0, 3;
    %pushi/vec4 0, 0, 1;
    %store/vec4 v0x5595be167a10_0, 0, 1;
    %pushi/vec4 1, 0, 1;
    %store/vec4 v0x5595be167530_0, 0, 1;
    %pushi/vec4 1, 0, 1;
    %store/vec4 v0x5595be167bb0_0, 0, 1;
    %jmp T_4.9;
T_4.2 ;
    %vpi_call 2 703 "$display", "Store" {0 0 0};
    %pushi/vec4 0, 0, 2;
    %store/vec4 v0x5595be1675f0_0, 0, 2;
    %pushi/vec4 1, 0, 1;
    %store/vec4 v0x5595be167890_0, 0, 1;
    %pushi/vec4 0, 0, 1;
    %store/vec4 v0x5595be167950_0, 0, 1;
    %pushi/vec4 0, 0, 3;
    %store/vec4 v0x5595be1673c0_0, 0, 3;
    %pushi/vec4 1, 0, 1;
    %store/vec4 v0x5595be167a10_0, 0, 1;
    %pushi/vec4 1, 0, 1;
    %store/vec4 v0x5595be167530_0, 0, 1;
    %pushi/vec4 0, 0, 1;
    %store/vec4 v0x5595be167bb0_0, 0, 1;
    %jmp T_4.9;
T_4.3 ;
    %vpi_call 2 715 "$display", "Branch" {0 0 0};
    %pushi/vec4 1, 0, 2;
    %store/vec4 v0x5595be1675f0_0, 0, 2;
    %pushi/vec4 0, 0, 1;
    %store/vec4 v0x5595be167890_0, 0, 1;
    %pushi/vec4 0, 0, 1;
    %store/vec4 v0x5595be167950_0, 0, 1;
    %pushi/vec4 7, 0, 3;
    %store/vec4 v0x5595be1673c0_0, 0, 3;
    %pushi/vec4 0, 0, 1;
    %store/vec4 v0x5595be167a10_0, 0, 1;
    %pushi/vec4 0, 0, 1;
    %store/vec4 v0x5595be167530_0, 0, 1;
    %pushi/vec4 0, 0, 1;
    %store/vec4 v0x5595be167bb0_0, 0, 1;
    %jmp T_4.9;
T_4.4 ;
    %vpi_call 2 727 "$display", "Immediate instructions" {0 0 0};
    %pushi/vec4 0, 0, 2;
    %store/vec4 v0x5595be1675f0_0, 0, 2;
    %pushi/vec4 0, 0, 1;
    %store/vec4 v0x5595be167890_0, 0, 1;
    %pushi/vec4 0, 0, 1;
    %store/vec4 v0x5595be167950_0, 0, 1;
    %load/vec4 v0x5595be1676d0_0;
    %dup/vec4;
    %pushi/vec4 0, 0, 3;
    %cmp/u;
    %jmp/1 T_4.24, 6;
    %dup/vec4;
    %pushi/vec4 1, 0, 3;
    %cmp/u;
    %jmp/1 T_4.25, 6;
    %dup/vec4;
    %pushi/vec4 2, 0, 3;
    %cmp/u;
    %jmp/1 T_4.26, 6;
    %dup/vec4;
    %pushi/vec4 5, 0, 3;
    %cmp/u;
    %jmp/1 T_4.27, 6;
    %pushi/vec4 0, 0, 3;
    %store/vec4 v0x5595be1673c0_0, 0, 3;
    %jmp T_4.29;
T_4.24 ;
    %pushi/vec4 0, 0, 3;
    %store/vec4 v0x5595be1673c0_0, 0, 3;
    %jmp T_4.29;
T_4.25 ;
    %pushi/vec4 4, 0, 3;
    %store/vec4 v0x5595be1673c0_0, 0, 3;
    %jmp T_4.29;
T_4.26 ;
    %pushi/vec4 5, 0, 3;
    %store/vec4 v0x5595be1673c0_0, 0, 3;
    %jmp T_4.29;
T_4.27 ;
    %pushi/vec4 6, 0, 3;
    %store/vec4 v0x5595be1673c0_0, 0, 3;
    %jmp T_4.29;
T_4.29 ;
    %pop/vec4 1;
    %pushi/vec4 0, 0, 1;
    %store/vec4 v0x5595be167a10_0, 0, 1;
    %pushi/vec4 1, 0, 1;
    %store/vec4 v0x5595be167530_0, 0, 1;
    %pushi/vec4 1, 0, 1;
    %store/vec4 v0x5595be167bb0_0, 0, 1;
    %jmp T_4.9;
T_4.5 ;
    %vpi_call 2 745 "$display", "Jump instructions" {0 0 0};
    %load/vec4 v0x5595be1676d0_0;
    %dup/vec4;
    %pushi/vec4 0, 0, 3;
    %cmp/u;
    %jmp/1 T_4.30, 6;
    %pushi/vec4 2, 0, 2;
    %store/vec4 v0x5595be1675f0_0, 0, 2;
    %jmp T_4.32;
T_4.30 ;
    %pushi/vec4 3, 0, 2;
    %store/vec4 v0x5595be1675f0_0, 0, 2;
    %jmp T_4.32;
T_4.32 ;
    %pop/vec4 1;
    %pushi/vec4 0, 0, 1;
    %store/vec4 v0x5595be167890_0, 0, 1;
    %pushi/vec4 0, 0, 1;
    %store/vec4 v0x5595be167950_0, 0, 1;
    %pushi/vec4 0, 0, 3;
    %store/vec4 v0x5595be1673c0_0, 0, 3;
    %pushi/vec4 0, 0, 1;
    %store/vec4 v0x5595be167a10_0, 0, 1;
    %pushi/vec4 0, 0, 1;
    %store/vec4 v0x5595be167530_0, 0, 1;
    %pushi/vec4 1, 0, 1;
    %store/vec4 v0x5595be167bb0_0, 0, 1;
    %jmp T_4.9;
T_4.6 ;
    %vpi_call 2 764 "$display", "Ecall" {0 0 0};
    %pushi/vec4 0, 0, 2;
    %store/vec4 v0x5595be1675f0_0, 0, 2;
    %pushi/vec4 0, 0, 1;
    %store/vec4 v0x5595be167890_0, 0, 1;
    %pushi/vec4 0, 0, 1;
    %store/vec4 v0x5595be167950_0, 0, 1;
    %pushi/vec4 0, 0, 3;
    %store/vec4 v0x5595be1673c0_0, 0, 3;
    %pushi/vec4 0, 0, 1;
    %store/vec4 v0x5595be167a10_0, 0, 1;
    %pushi/vec4 0, 0, 1;
    %store/vec4 v0x5595be167530_0, 0, 1;
    %pushi/vec4 0, 0, 1;
    %store/vec4 v0x5595be167bb0_0, 0, 1;
    %jmp T_4.9;
T_4.7 ;
    %vpi_call 2 774 "$display", "Aupic" {0 0 0};
    %pushi/vec4 2, 0, 2;
    %store/vec4 v0x5595be1675f0_0, 0, 2;
    %pushi/vec4 0, 0, 1;
    %store/vec4 v0x5595be167890_0, 0, 1;
    %pushi/vec4 0, 0, 1;
    %store/vec4 v0x5595be167950_0, 0, 1;
    %pushi/vec4 0, 0, 3;
    %store/vec4 v0x5595be1673c0_0, 0, 3;
    %pushi/vec4 0, 0, 1;
    %store/vec4 v0x5595be167a10_0, 0, 1;
    %pushi/vec4 0, 0, 1;
    %store/vec4 v0x5595be167530_0, 0, 1;
    %pushi/vec4 1, 0, 1;
    %store/vec4 v0x5595be167bb0_0, 0, 1;
    %jmp T_4.9;
T_4.9 ;
    %pop/vec4 1;
    %jmp T_4;
    .thread T_4, $push;
    .scope S_0x5595be14bd80;
T_5 ;
    %wait E_0x5595be14ca00;
    %jmp T_5;
    .thread T_5;
    .scope S_0x5595be14bd80;
T_6 ;
    %wait E_0x5595be14c9c0;
    %pushi/vec4 1, 0, 1;
    %store/vec4 v0x5595be16bf20_0, 0, 1;
    %load/vec4 v0x5595be16b180_0;
    %cmpi/u 65660, 0, 32;
    %flag_or 5, 4;
    %jmp/0xz  T_6.0, 5;
    %vpi_call 2 253 "$display", "==" {0 0 0};
    %vpi_call 2 254 "$display", "%b", &PV<v0x5595be16a950_0, 0, 7> {0 0 0};
    %vpi_call 2 255 "$display", "opc :%b", v0x5595be16b4a0_0 {0 0 0};
    %vpi_call 2 256 "$display", "rs1 :%d", v0x5595be16bb00_0 {0 0 0};
    %vpi_call 2 257 "$display", "rs1 :%d", v0x5595be16bbe0_0 {0 0 0};
    %vpi_call 2 258 "$display", "rd :%d", v0x5595be16ba20_0 {0 0 0};
    %vpi_call 2 259 "$display", "imm :%d", v0x5595be16ac80_0 {0 0 0};
T_6.0 ;
    %load/vec4 v0x5595be16a950_0;
    %dup/vec4;
    %pushi/vec4 115, 0, 32;
    %cmp/u;
    %jmp/1 T_6.2, 6;
    %pushi/vec4 0, 0, 1;
    %store/vec4 v0x5595be16a0c0_0, 0, 1;
    %jmp T_6.4;
T_6.2 ;
    %pushi/vec4 1, 0, 1;
    %store/vec4 v0x5595be16a0c0_0, 0, 1;
    %jmp T_6.4;
T_6.4 ;
    %pop/vec4 1;
    %load/vec4 v0x5595be169a30_0;
    %dup/vec4;
    %pushi/vec4 0, 0, 2;
    %cmp/u;
    %jmp/1 T_6.5, 6;
    %dup/vec4;
    %pushi/vec4 1, 0, 2;
    %cmp/u;
    %jmp/1 T_6.6, 6;
    %dup/vec4;
    %pushi/vec4 2, 0, 2;
    %cmp/u;
    %jmp/1 T_6.7, 6;
    %dup/vec4;
    %pushi/vec4 3, 0, 2;
    %cmp/u;
    %jmp/1 T_6.8, 6;
    %load/vec4 v0x5595be169dc0_0;
    %addi 4, 0, 32;
    %store/vec4 v0x5595be16ad60_0, 0, 32;
    %jmp T_6.10;
T_6.5 ;
    %vpi_call 2 273 "$display", "no branch" {0 0 0};
    %load/vec4 v0x5595be169dc0_0;
    %addi 4, 0, 32;
    %store/vec4 v0x5595be16ad60_0, 0, 32;
    %jmp T_6.10;
T_6.6 ;
    %load/vec4 v0x5595be16ae40_0;
    %dup/vec4;
    %pushi/vec4 0, 0, 32;
    %cmp/u;
    %jmp/1 T_6.11, 6;
    %load/vec4 v0x5595be169dc0_0;
    %addi 4, 0, 32;
    %store/vec4 v0x5595be16ad60_0, 0, 32;
    %jmp T_6.13;
T_6.11 ;
    %vpi_call 2 280 "$display", "branch" {0 0 0};
    %load/vec4 v0x5595be169dc0_0;
    %load/vec4 v0x5595be16a950_0;
    %parti/s 1, 31, 6;
    %load/vec4 v0x5595be16a950_0;
    %parti/s 1, 7, 4;
    %concat/vec4; draw_concat_vec4
    %load/vec4 v0x5595be16a950_0;
    %parti/s 6, 25, 6;
    %concat/vec4; draw_concat_vec4
    %load/vec4 v0x5595be16a950_0;
    %parti/s 4, 8, 5;
    %concat/vec4; draw_concat_vec4
    %pad/u 32;
    %ix/load 4, 1, 0;
    %flag_set/imm 4, 0;
    %shiftl 4;
    %add;
    %store/vec4 v0x5595be16ad60_0, 0, 32;
    %jmp T_6.13;
T_6.13 ;
    %pop/vec4 1;
    %jmp T_6.10;
T_6.7 ;
    %load/vec4 v0x5595be16b4a0_0;
    %dup/vec4;
    %pushi/vec4 23, 0, 7;
    %cmp/u;
    %jmp/1 T_6.14, 6;
    %dup/vec4;
    %pushi/vec4 111, 0, 7;
    %cmp/u;
    %jmp/1 T_6.15, 6;
    %jmp T_6.16;
T_6.14 ;
    %vpi_call 2 292 "$display", "aupic" {0 0 0};
    %load/vec4 v0x5595be169dc0_0;
    %load/vec4 v0x5595be16ac80_0;
    %pad/u 32;
    %add;
    %pad/u 5;
    %store/vec4 v0x5595be16ba20_0, 0, 5;
    %load/vec4 v0x5595be169dc0_0;
    %addi 4, 0, 32;
    %store/vec4 v0x5595be16ad60_0, 0, 32;
    %jmp T_6.16;
T_6.15 ;
    %vpi_call 2 297 "$display", "jal" {0 0 0};
    %load/vec4 v0x5595be169dc0_0;
    %addi 4, 0, 32;
    %pad/u 5;
    %store/vec4 v0x5595be16ba20_0, 0, 5;
    %load/vec4 v0x5595be16bb00_0;
    %pad/u 32;
    %load/vec4 v0x5595be16ac80_0;
    %pad/u 32;
    %add;
    %store/vec4 v0x5595be16ad60_0, 0, 32;
    %jmp T_6.16;
T_6.16 ;
    %pop/vec4 1;
    %jmp T_6.10;
T_6.8 ;
    %load/vec4 v0x5595be169dc0_0;
    %addi 4, 0, 32;
    %pad/u 5;
    %store/vec4 v0x5595be16ba20_0, 0, 5;
    %load/vec4 v0x5595be169dc0_0;
    %load/vec4 v0x5595be16ac80_0;
    %pad/u 32;
    %add;
    %store/vec4 v0x5595be16ad60_0, 0, 32;
    %jmp T_6.10;
T_6.10 ;
    %pop/vec4 1;
    %jmp T_6;
    .thread T_6, $push;
    .scope S_0x5595be14bd80;
T_7 ;
    %wait E_0x5595be0bcb70;
    %load/vec4 v0x5595be16a950_0;
    %parti/s 7, 0, 2;
    %store/vec4 v0x5595be16b4a0_0, 0, 7;
    %load/vec4 v0x5595be16a950_0;
    %parti/s 7, 0, 2;
    %dup/vec4;
    %pushi/vec4 51, 0, 7;
    %cmp/u;
    %jmp/1 T_7.0, 6;
    %dup/vec4;
    %pushi/vec4 103, 0, 7;
    %cmp/u;
    %jmp/1 T_7.1, 6;
    %dup/vec4;
    %pushi/vec4 19, 0, 7;
    %cmp/u;
    %jmp/1 T_7.2, 6;
    %dup/vec4;
    %pushi/vec4 3, 0, 7;
    %cmp/u;
    %jmp/1 T_7.3, 6;
    %dup/vec4;
    %pushi/vec4 115, 0, 7;
    %cmp/u;
    %jmp/1 T_7.4, 6;
    %dup/vec4;
    %pushi/vec4 35, 0, 7;
    %cmp/u;
    %jmp/1 T_7.5, 6;
    %dup/vec4;
    %pushi/vec4 99, 0, 7;
    %cmp/u;
    %jmp/1 T_7.6, 6;
    %dup/vec4;
    %pushi/vec4 23, 0, 7;
    %cmp/u;
    %jmp/1 T_7.7, 6;
    %dup/vec4;
    %pushi/vec4 111, 0, 7;
    %cmp/u;
    %jmp/1 T_7.8, 6;
    %load/vec4 v0x5595be16bb00_0;
    %store/vec4 v0x5595be16bb00_0, 0, 5;
    %load/vec4 v0x5595be16bbe0_0;
    %store/vec4 v0x5595be16bbe0_0, 0, 5;
    %load/vec4 v0x5595be16ba20_0;
    %store/vec4 v0x5595be16ba20_0, 0, 5;
    %load/vec4 v0x5595be16ac80_0;
    %store/vec4 v0x5595be16ac80_0, 0, 20;
    %jmp T_7.10;
T_7.0 ;
    %vpi_call 2 318 "$display", "R-type" {0 0 0};
    %load/vec4 v0x5595be16a950_0;
    %parti/s 5, 15, 5;
    %store/vec4 v0x5595be16bb00_0, 0, 5;
    %load/vec4 v0x5595be16a950_0;
    %parti/s 5, 20, 6;
    %store/vec4 v0x5595be16bbe0_0, 0, 5;
    %load/vec4 v0x5595be16a950_0;
    %parti/s 5, 7, 4;
    %store/vec4 v0x5595be16ba20_0, 0, 5;
    %pushi/vec4 0, 0, 20;
    %store/vec4 v0x5595be16ac80_0, 0, 20;
    %jmp T_7.10;
T_7.1 ;
    %vpi_call 2 326 "$display", "I-type" {0 0 0};
    %load/vec4 v0x5595be16a950_0;
    %parti/s 5, 15, 5;
    %store/vec4 v0x5595be16bb00_0, 0, 5;
    %pushi/vec4 0, 0, 5;
    %store/vec4 v0x5595be16bbe0_0, 0, 5;
    %load/vec4 v0x5595be16a950_0;
    %parti/s 5, 7, 4;
    %store/vec4 v0x5595be16ba20_0, 0, 5;
    %load/vec4 v0x5595be16a950_0;
    %parti/s 12, 20, 6;
    %pad/u 20;
    %store/vec4 v0x5595be16ac80_0, 0, 20;
    %jmp T_7.10;
T_7.2 ;
    %vpi_call 2 334 "$display", "I-type (addi...)" {0 0 0};
    %load/vec4 v0x5595be16a950_0;
    %parti/s 5, 15, 5;
    %store/vec4 v0x5595be16bb00_0, 0, 5;
    %pushi/vec4 0, 0, 5;
    %store/vec4 v0x5595be16bbe0_0, 0, 5;
    %load/vec4 v0x5595be16a950_0;
    %parti/s 5, 7, 4;
    %store/vec4 v0x5595be16ba20_0, 0, 5;
    %load/vec4 v0x5595be16a950_0;
    %parti/s 12, 20, 6;
    %pad/u 20;
    %store/vec4 v0x5595be16ac80_0, 0, 20;
    %jmp T_7.10;
T_7.3 ;
    %vpi_call 2 342 "$display", "I-type (lw)" {0 0 0};
    %load/vec4 v0x5595be16a950_0;
    %parti/s 5, 15, 5;
    %store/vec4 v0x5595be16bb00_0, 0, 5;
    %pushi/vec4 0, 0, 5;
    %store/vec4 v0x5595be16bbe0_0, 0, 5;
    %load/vec4 v0x5595be16a950_0;
    %parti/s 5, 7, 4;
    %store/vec4 v0x5595be16ba20_0, 0, 5;
    %load/vec4 v0x5595be16a950_0;
    %parti/s 12, 20, 6;
    %pad/u 20;
    %store/vec4 v0x5595be16ac80_0, 0, 20;
    %jmp T_7.10;
T_7.4 ;
    %vpi_call 2 350 "$display", "I-type (Ecall)" {0 0 0};
    %load/vec4 v0x5595be16a950_0;
    %parti/s 5, 15, 5;
    %store/vec4 v0x5595be16bb00_0, 0, 5;
    %pushi/vec4 0, 0, 5;
    %store/vec4 v0x5595be16bbe0_0, 0, 5;
    %load/vec4 v0x5595be16a950_0;
    %parti/s 5, 7, 4;
    %store/vec4 v0x5595be16ba20_0, 0, 5;
    %pushi/vec4 0, 0, 20;
    %store/vec4 v0x5595be16ac80_0, 0, 20;
    %jmp T_7.10;
T_7.5 ;
    %vpi_call 2 358 "$display", "S-type" {0 0 0};
    %load/vec4 v0x5595be16a950_0;
    %parti/s 5, 15, 5;
    %store/vec4 v0x5595be16bb00_0, 0, 5;
    %load/vec4 v0x5595be16a950_0;
    %parti/s 5, 20, 6;
    %store/vec4 v0x5595be16bbe0_0, 0, 5;
    %pushi/vec4 0, 0, 5;
    %store/vec4 v0x5595be16ba20_0, 0, 5;
    %load/vec4 v0x5595be16a950_0;
    %parti/s 7, 25, 6;
    %load/vec4 v0x5595be16a950_0;
    %parti/s 5, 7, 4;
    %concat/vec4; draw_concat_vec4
    %pad/u 20;
    %store/vec4 v0x5595be16ac80_0, 0, 20;
    %jmp T_7.10;
T_7.6 ;
    %vpi_call 2 366 "$display", "SB-type" {0 0 0};
    %load/vec4 v0x5595be16a950_0;
    %parti/s 5, 15, 5;
    %store/vec4 v0x5595be16bb00_0, 0, 5;
    %load/vec4 v0x5595be16a950_0;
    %parti/s 5, 20, 6;
    %store/vec4 v0x5595be16bbe0_0, 0, 5;
    %pushi/vec4 0, 0, 5;
    %store/vec4 v0x5595be16ba20_0, 0, 5;
    %load/vec4 v0x5595be16a950_0;
    %parti/s 1, 31, 6;
    %load/vec4 v0x5595be16a950_0;
    %parti/s 1, 7, 4;
    %concat/vec4; draw_concat_vec4
    %load/vec4 v0x5595be16a950_0;
    %parti/s 6, 25, 6;
    %concat/vec4; draw_concat_vec4
    %load/vec4 v0x5595be16a950_0;
    %parti/s 4, 8, 5;
    %concat/vec4; draw_concat_vec4
    %pad/u 20;
    %ix/load 4, 2, 0;
    %flag_set/imm 4, 0;
    %shiftl 4;
    %store/vec4 v0x5595be16ac80_0, 0, 20;
    %jmp T_7.10;
T_7.7 ;
    %vpi_call 2 374 "$display", "U-type" {0 0 0};
    %pushi/vec4 0, 0, 5;
    %store/vec4 v0x5595be16bb00_0, 0, 5;
    %pushi/vec4 0, 0, 5;
    %store/vec4 v0x5595be16bbe0_0, 0, 5;
    %load/vec4 v0x5595be16a950_0;
    %parti/s 5, 7, 4;
    %store/vec4 v0x5595be16ba20_0, 0, 5;
    %load/vec4 v0x5595be16a950_0;
    %parti/s 20, 12, 5;
    %ix/load 4, 12, 0;
    %flag_set/imm 4, 0;
    %shiftl 4;
    %store/vec4 v0x5595be16ac80_0, 0, 20;
    %jmp T_7.10;
T_7.8 ;
    %vpi_call 2 382 "$display", "UJ-type" {0 0 0};
    %pushi/vec4 0, 0, 5;
    %store/vec4 v0x5595be16bb00_0, 0, 5;
    %pushi/vec4 0, 0, 5;
    %store/vec4 v0x5595be16bbe0_0, 0, 5;
    %load/vec4 v0x5595be16a950_0;
    %parti/s 5, 7, 4;
    %store/vec4 v0x5595be16ba20_0, 0, 5;
    %load/vec4 v0x5595be16a950_0;
    %parti/s 1, 31, 6;
    %load/vec4 v0x5595be16a950_0;
    %parti/s 8, 12, 5;
    %concat/vec4; draw_concat_vec4
    %load/vec4 v0x5595be16a950_0;
    %parti/s 10, 21, 6;
    %concat/vec4; draw_concat_vec4
    %load/vec4 v0x5595be16a950_0;
    %parti/s 1, 20, 6;
    %concat/vec4; draw_concat_vec4
    %store/vec4 v0x5595be16ac80_0, 0, 20;
    %jmp T_7.10;
T_7.10 ;
    %pop/vec4 1;
    %jmp T_7;
    .thread T_7, $push;
    .scope S_0x5595be14bd80;
T_8 ;
    %wait E_0x5595be103f40;
    %load/vec4 v0x5595be16b6e0_0;
    %store/vec4 v0x5595be16b880_0, 0, 32;
    %load/vec4 v0x5595be16b7b0_0;
    %store/vec4 v0x5595be16b940_0, 0, 32;
    %jmp T_8;
    .thread T_8, $push;
    .scope S_0x5595be14bd80;
T_9 ;
    %wait E_0x5595be102ea0;
    %load/vec4 v0x5595be169970_0;
    %dup/vec4;
    %pushi/vec4 0, 0, 1;
    %cmp/u;
    %jmp/1 T_9.0, 6;
    %dup/vec4;
    %pushi/vec4 1, 0, 1;
    %cmp/u;
    %jmp/1 T_9.1, 6;
    %jmp T_9.2;
T_9.0 ;
    %load/vec4 v0x5595be16b940_0;
    %store/vec4 v0x5595be16a6f0_0, 0, 32;
    %jmp T_9.2;
T_9.1 ;
    %load/vec4 v0x5595be16ac80_0;
    %pad/u 32;
    %store/vec4 v0x5595be16a6f0_0, 0, 32;
    %jmp T_9.2;
T_9.2 ;
    %pop/vec4 1;
    %jmp T_9;
    .thread T_9, $push;
    .scope S_0x5595be14bd80;
T_10 ;
    %wait E_0x5595be102c50;
    %load/vec4 v0x5595be169cf0_0;
    %dup/vec4;
    %pushi/vec4 0, 0, 1;
    %cmp/u;
    %jmp/1 T_10.0, 6;
    %dup/vec4;
    %pushi/vec4 1, 0, 1;
    %cmp/u;
    %jmp/1 T_10.1, 6;
    %jmp T_10.2;
T_10.0 ;
    %load/vec4 v0x5595be16ae40_0;
    %store/vec4 v0x5595be16a6f0_0, 0, 32;
    %jmp T_10.2;
T_10.1 ;
    %load/vec4 v0x5595be16a7b0_0;
    %store/vec4 v0x5595be16a6f0_0, 0, 32;
    %jmp T_10.2;
T_10.2 ;
    %pop/vec4 1;
    %jmp T_10;
    .thread T_10, $push;
    .scope S_0x5595be14bd80;
T_11 ;
    %wait E_0x5595be14b9f0;
    %load/vec4 v0x5595be16ab90_0;
    %nor/r;
    %flag_set/vec4 8;
    %jmp/0xz  T_11.0, 8;
    %pushi/vec4 65536, 0, 32;
    %assign/vec4 v0x5595be169dc0_0, 0;
    %pushi/vec4 0, 0, 1;
    %assign/vec4 v0x5595be16be80_0, 0;
    %jmp T_11.1;
T_11.0 ;
    %load/vec4 v0x5595be16ad60_0;
    %assign/vec4 v0x5595be169dc0_0, 0;
    %load/vec4 v0x5595be16bf20_0;
    %assign/vec4 v0x5595be16be80_0, 0;
T_11.1 ;
    %jmp T_11;
    .thread T_11;
# The file index is used to find the file name in the following table.
:file_names 3;
    "N/A";
    "<interactive>";
    "CHIP.v";
